<?xml version="1.0" encoding="UTF-8"?>
<testsuite xmlns:xsi="http://www.w3.org/2001/XMLSchema-instance" xsi:noNamespaceSchemaLocation="https://maven.apache.org/surefire/maven-surefire-plugin/xsd/surefire-test-report-3.0.xsd" version="3.0" name="br.com.omarcoteixeira.data.model.metrics.MetricsEnumTest" time="0.185" tests="3" errors="0" skipped="0" failures="0">
  <properties>
    <property name="java.specification.version" value="17"/>
    <property name="sun.jnu.encoding" value="UTF-8"/>
    <property name="java.class.path" value="/home/mteixeira/projects/learning/java-springboot-spock-template/target/test-classes:/home/mteixeira/projects/learning/java-springboot-spock-template/target/classes:/home/mteixeira/.m2/repository/org/springframework/boot/spring-boot-starter-web/3.0.1/spring-boot-starter-web-3.0.1.jar:/home/mteixeira/.m2/repository/org/springframework/boot/spring-boot-starter/3.0.1/spring-boot-starter-3.0.1.jar:/home/mteixeira/.m2/repository/org/springframework/boot/spring-boot/3.0.1/spring-boot-3.0.1.jar:/home/mteixeira/.m2/repository/org/springframework/boot/spring-boot-autoconfigure/3.0.1/spring-boot-autoconfigure-3.0.1.jar:/home/mteixeira/.m2/repository/org/springframework/boot/spring-boot-starter-logging/3.0.1/spring-boot-starter-logging-3.0.1.jar:/home/mteixeira/.m2/repository/ch/qos/logback/logback-classic/1.4.5/logback-classic-1.4.5.jar:/home/mteixeira/.m2/repository/ch/qos/logback/logback-core/1.4.5/logback-core-1.4.5.jar:/home/mteixeira/.m2/repository/org/apache/logging/log4j/log4j-to-slf4j/2.19.0/log4j-to-slf4j-2.19.0.jar:/home/mteixeira/.m2/repository/org/apache/logging/log4j/log4j-api/2.19.0/log4j-api-2.19.0.jar:/home/mteixeira/.m2/repository/org/slf4j/jul-to-slf4j/2.0.6/jul-to-slf4j-2.0.6.jar:/home/mteixeira/.m2/repository/jakarta/annotation/jakarta.annotation-api/2.1.1/jakarta.annotation-api-2.1.1.jar:/home/mteixeira/.m2/repository/org/yaml/snakeyaml/1.33/snakeyaml-1.33.jar:/home/mteixeira/.m2/repository/org/springframework/boot/spring-boot-starter-json/3.0.1/spring-boot-starter-json-3.0.1.jar:/home/mteixeira/.m2/repository/com/fasterxml/jackson/datatype/jackson-datatype-jdk8/2.14.1/jackson-datatype-jdk8-2.14.1.jar:/home/mteixeira/.m2/repository/com/fasterxml/jackson/datatype/jackson-datatype-jsr310/2.14.1/jackson-datatype-jsr310-2.14.1.jar:/home/mteixeira/.m2/repository/com/fasterxml/jackson/module/jackson-module-parameter-names/2.14.1/jackson-module-parameter-names-2.14.1.jar:/home/mteixeira/.m2/repository/org/springframework/boot/spring-boot-starter-tomcat/3.0.1/spring-boot-starter-tomcat-3.0.1.jar:/home/mteixeira/.m2/repository/org/apache/tomcat/embed/tomcat-embed-core/10.1.4/tomcat-embed-core-10.1.4.jar:/home/mteixeira/.m2/repository/org/apache/tomcat/embed/tomcat-embed-el/10.1.4/tomcat-embed-el-10.1.4.jar:/home/mteixeira/.m2/repository/org/apache/tomcat/embed/tomcat-embed-websocket/10.1.4/tomcat-embed-websocket-10.1.4.jar:/home/mteixeira/.m2/repository/org/springframework/spring-web/6.0.3/spring-web-6.0.3.jar:/home/mteixeira/.m2/repository/org/springframework/spring-beans/6.0.3/spring-beans-6.0.3.jar:/home/mteixeira/.m2/repository/org/springframework/spring-webmvc/6.0.3/spring-webmvc-6.0.3.jar:/home/mteixeira/.m2/repository/org/springframework/spring-aop/6.0.3/spring-aop-6.0.3.jar:/home/mteixeira/.m2/repository/org/springframework/spring-expression/6.0.3/spring-expression-6.0.3.jar:/home/mteixeira/.m2/repository/org/springframework/boot/spring-boot-starter-actuator/3.0.1/spring-boot-starter-actuator-3.0.1.jar:/home/mteixeira/.m2/repository/org/springframework/boot/spring-boot-actuator-autoconfigure/3.0.1/spring-boot-actuator-autoconfigure-3.0.1.jar:/home/mteixeira/.m2/repository/org/springframework/boot/spring-boot-actuator/3.0.1/spring-boot-actuator-3.0.1.jar:/home/mteixeira/.m2/repository/io/micrometer/micrometer-observation/1.10.2/micrometer-observation-1.10.2.jar:/home/mteixeira/.m2/repository/io/micrometer/micrometer-commons/1.10.2/micrometer-commons-1.10.2.jar:/home/mteixeira/.m2/repository/io/micrometer/micrometer-core/1.10.2/micrometer-core-1.10.2.jar:/home/mteixeira/.m2/repository/org/hdrhistogram/HdrHistogram/2.1.12/HdrHistogram-2.1.12.jar:/home/mteixeira/.m2/repository/org/latencyutils/LatencyUtils/2.0.3/LatencyUtils-2.0.3.jar:/home/mteixeira/.m2/repository/org/projectlombok/lombok/1.18.24/lombok-1.18.24.jar:/home/mteixeira/.m2/repository/org/mapstruct/mapstruct/1.5.3.Final/mapstruct-1.5.3.Final.jar:/home/mteixeira/.m2/repository/org/apache/kafka/kafka-streams/3.3.1/kafka-streams-3.3.1.jar:/home/mteixeira/.m2/repository/org/apache/kafka/kafka-clients/3.3.1/kafka-clients-3.3.1.jar:/home/mteixeira/.m2/repository/com/github/luben/zstd-jni/1.5.2-1/zstd-jni-1.5.2-1.jar:/home/mteixeira/.m2/repository/org/lz4/lz4-java/1.8.0/lz4-java-1.8.0.jar:/home/mteixeira/.m2/repository/org/xerial/snappy/snappy-java/1.1.8.4/snappy-java-1.1.8.4.jar:/home/mteixeira/.m2/repository/org/rocksdb/rocksdbjni/6.29.4.1/rocksdbjni-6.29.4.1.jar:/home/mteixeira/.m2/repository/org/slf4j/slf4j-api/2.0.6/slf4j-api-2.0.6.jar:/home/mteixeira/.m2/repository/com/fasterxml/jackson/core/jackson-annotations/2.14.1/jackson-annotations-2.14.1.jar:/home/mteixeira/.m2/repository/com/fasterxml/jackson/core/jackson-databind/2.14.1/jackson-databind-2.14.1.jar:/home/mteixeira/.m2/repository/com/fasterxml/jackson/core/jackson-core/2.14.1/jackson-core-2.14.1.jar:/home/mteixeira/.m2/repository/org/springframework/kafka/spring-kafka/3.0.1/spring-kafka-3.0.1.jar:/home/mteixeira/.m2/repository/org/springframework/spring-context/6.0.3/spring-context-6.0.3.jar:/home/mteixeira/.m2/repository/org/springframework/spring-messaging/6.0.3/spring-messaging-6.0.3.jar:/home/mteixeira/.m2/repository/org/springframework/spring-tx/6.0.3/spring-tx-6.0.3.jar:/home/mteixeira/.m2/repository/org/springframework/retry/spring-retry/2.0.0/spring-retry-2.0.0.jar:/home/mteixeira/.m2/repository/com/google/code/findbugs/jsr305/3.0.2/jsr305-3.0.2.jar:/home/mteixeira/.m2/repository/org/apache/groovy/groovy/4.0.7/groovy-4.0.7.jar:/home/mteixeira/.m2/repository/org/springframework/boot/spring-boot-starter-test/3.0.1/spring-boot-starter-test-3.0.1.jar:/home/mteixeira/.m2/repository/org/springframework/boot/spring-boot-test/3.0.1/spring-boot-test-3.0.1.jar:/home/mteixeira/.m2/repository/org/springframework/boot/spring-boot-test-autoconfigure/3.0.1/spring-boot-test-autoconfigure-3.0.1.jar:/home/mteixeira/.m2/repository/com/jayway/jsonpath/json-path/2.7.0/json-path-2.7.0.jar:/home/mteixeira/.m2/repository/net/minidev/json-smart/2.4.8/json-smart-2.4.8.jar:/home/mteixeira/.m2/repository/net/minidev/accessors-smart/2.4.8/accessors-smart-2.4.8.jar:/home/mteixeira/.m2/repository/org/ow2/asm/asm/9.1/asm-9.1.jar:/home/mteixeira/.m2/repository/jakarta/xml/bind/jakarta.xml.bind-api/4.0.0/jakarta.xml.bind-api-4.0.0.jar:/home/mteixeira/.m2/repository/jakarta/activation/jakarta.activation-api/2.1.0/jakarta.activation-api-2.1.0.jar:/home/mteixeira/.m2/repository/org/assertj/assertj-core/3.23.1/assertj-core-3.23.1.jar:/home/mteixeira/.m2/repository/net/bytebuddy/byte-buddy/1.12.20/byte-buddy-1.12.20.jar:/home/mteixeira/.m2/repository/org/hamcrest/hamcrest/2.2/hamcrest-2.2.jar:/home/mteixeira/.m2/repository/org/junit/jupiter/junit-jupiter/5.9.1/junit-jupiter-5.9.1.jar:/home/mteixeira/.m2/repository/org/junit/jupiter/junit-jupiter-params/5.9.1/junit-jupiter-params-5.9.1.jar:/home/mteixeira/.m2/repository/org/junit/jupiter/junit-jupiter-engine/5.9.1/junit-jupiter-engine-5.9.1.jar:/home/mteixeira/.m2/repository/org/mockito/mockito-core/4.8.1/mockito-core-4.8.1.jar:/home/mteixeira/.m2/repository/net/bytebuddy/byte-buddy-agent/1.12.20/byte-buddy-agent-1.12.20.jar:/home/mteixeira/.m2/repository/org/objenesis/objenesis/3.2/objenesis-3.2.jar:/home/mteixeira/.m2/repository/org/mockito/mockito-junit-jupiter/4.8.1/mockito-junit-jupiter-4.8.1.jar:/home/mteixeira/.m2/repository/org/skyscreamer/jsonassert/1.5.1/jsonassert-1.5.1.jar:/home/mteixeira/.m2/repository/com/vaadin/external/google/android-json/0.0.20131108.vaadin1/android-json-0.0.20131108.vaadin1.jar:/home/mteixeira/.m2/repository/org/springframework/spring-core/6.0.3/spring-core-6.0.3.jar:/home/mteixeira/.m2/repository/org/springframework/spring-jcl/6.0.3/spring-jcl-6.0.3.jar:/home/mteixeira/.m2/repository/org/springframework/spring-test/6.0.3/spring-test-6.0.3.jar:/home/mteixeira/.m2/repository/org/xmlunit/xmlunit-core/2.9.0/xmlunit-core-2.9.0.jar:/home/mteixeira/.m2/repository/org/springframework/kafka/spring-kafka-test/3.0.1/spring-kafka-test-3.0.1.jar:/home/mteixeira/.m2/repository/org/apache/zookeeper/zookeeper/3.6.3/zookeeper-3.6.3.jar:/home/mteixeira/.m2/repository/org/apache/zookeeper/zookeeper-jute/3.6.3/zookeeper-jute-3.6.3.jar:/home/mteixeira/.m2/repository/org/apache/yetus/audience-annotations/0.5.0/audience-annotations-0.5.0.jar:/home/mteixeira/.m2/repository/io/netty/netty-handler/4.1.86.Final/netty-handler-4.1.86.Final.jar:/home/mteixeira/.m2/repository/io/netty/netty-common/4.1.86.Final/netty-common-4.1.86.Final.jar:/home/mteixeira/.m2/repository/io/netty/netty-resolver/4.1.86.Final/netty-resolver-4.1.86.Final.jar:/home/mteixeira/.m2/repository/io/netty/netty-buffer/4.1.86.Final/netty-buffer-4.1.86.Final.jar:/home/mteixeira/.m2/repository/io/netty/netty-transport/4.1.86.Final/netty-transport-4.1.86.Final.jar:/home/mteixeira/.m2/repository/io/netty/netty-transport-native-unix-common/4.1.86.Final/netty-transport-native-unix-common-4.1.86.Final.jar:/home/mteixeira/.m2/repository/io/netty/netty-codec/4.1.86.Final/netty-codec-4.1.86.Final.jar:/home/mteixeira/.m2/repository/io/netty/netty-transport-native-epoll/4.1.86.Final/netty-transport-native-epoll-4.1.86.Final.jar:/home/mteixeira/.m2/repository/io/netty/netty-transport-classes-epoll/4.1.86.Final/netty-transport-classes-epoll-4.1.86.Final.jar:/home/mteixeira/.m2/repository/org/apache/kafka/kafka-clients/3.3.1/kafka-clients-3.3.1-test.jar:/home/mteixeira/.m2/repository/org/apache/kafka/kafka-metadata/3.3.1/kafka-metadata-3.3.1.jar:/home/mteixeira/.m2/repository/org/apache/kafka/kafka-server-common/3.3.1/kafka-server-common-3.3.1.jar:/home/mteixeira/.m2/repository/org/apache/kafka/kafka-raft/3.3.1/kafka-raft-3.3.1.jar:/home/mteixeira/.m2/repository/com/yammer/metrics/metrics-core/2.2.0/metrics-core-2.2.0.jar:/home/mteixeira/.m2/repository/org/apache/kafka/kafka-streams-test-utils/3.3.1/kafka-streams-test-utils-3.3.1.jar:/home/mteixeira/.m2/repository/org/apache/kafka/kafka_2.13/3.3.1/kafka_2.13-3.3.1.jar:/home/mteixeira/.m2/repository/org/scala-lang/scala-library/2.13.8/scala-library-2.13.8.jar:/home/mteixeira/.m2/repository/org/apache/kafka/kafka-storage/3.3.1/kafka-storage-3.3.1.jar:/home/mteixeira/.m2/repository/org/apache/kafka/kafka-storage-api/3.3.1/kafka-storage-api-3.3.1.jar:/home/mteixeira/.m2/repository/net/sourceforge/argparse4j/argparse4j/0.7.0/argparse4j-0.7.0.jar:/home/mteixeira/.m2/repository/com/fasterxml/jackson/module/jackson-module-scala_2.13/2.14.1/jackson-module-scala_2.13-2.14.1.jar:/home/mteixeira/.m2/repository/com/thoughtworks/paranamer/paranamer/2.8/paranamer-2.8.jar:/home/mteixeira/.m2/repository/com/fasterxml/jackson/dataformat/jackson-dataformat-csv/2.14.1/jackson-dataformat-csv-2.14.1.jar:/home/mteixeira/.m2/repository/net/sf/jopt-simple/jopt-simple/5.0.4/jopt-simple-5.0.4.jar:/home/mteixeira/.m2/repository/org/bitbucket/b_c/jose4j/0.7.9/jose4j-0.7.9.jar:/home/mteixeira/.m2/repository/org/scala-lang/modules/scala-collection-compat_2.13/2.6.0/scala-collection-compat_2.13-2.6.0.jar:/home/mteixeira/.m2/repository/org/scala-lang/modules/scala-java8-compat_2.13/1.0.2/scala-java8-compat_2.13-1.0.2.jar:/home/mteixeira/.m2/repository/org/scala-lang/scala-reflect/2.13.8/scala-reflect-2.13.8.jar:/home/mteixeira/.m2/repository/com/typesafe/scala-logging/scala-logging_2.13/3.9.4/scala-logging_2.13-3.9.4.jar:/home/mteixeira/.m2/repository/io/dropwizard/metrics/metrics-core/4.2.14/metrics-core-4.2.14.jar:/home/mteixeira/.m2/repository/commons-cli/commons-cli/1.4/commons-cli-1.4.jar:/home/mteixeira/.m2/repository/org/apache/kafka/kafka_2.13/3.3.1/kafka_2.13-3.3.1-test.jar:/home/mteixeira/.m2/repository/org/junit/jupiter/junit-jupiter-api/5.9.1/junit-jupiter-api-5.9.1.jar:/home/mteixeira/.m2/repository/org/opentest4j/opentest4j/1.2.0/opentest4j-1.2.0.jar:/home/mteixeira/.m2/repository/org/junit/platform/junit-platform-commons/1.9.1/junit-platform-commons-1.9.1.jar:/home/mteixeira/.m2/repository/org/apiguardian/apiguardian-api/1.1.2/apiguardian-api-1.1.2.jar:/home/mteixeira/.m2/repository/org/junit/platform/junit-platform-launcher/1.9.1/junit-platform-launcher-1.9.1.jar:/home/mteixeira/.m2/repository/org/spockframework/spock-core/2.4-M1-groovy-4.0/spock-core-2.4-M1-groovy-4.0.jar:/home/mteixeira/.m2/repository/org/junit/platform/junit-platform-engine/1.9.1/junit-platform-engine-1.9.1.jar:/home/mteixeira/.m2/repository/org/spockframework/spock-spring/2.4-M1-groovy-4.0/spock-spring-2.4-M1-groovy-4.0.jar:/home/mteixeira/.m2/repository/com/blogspot/toomuchcoding/spock-subjects-collaborators-extension/2.0.0/spock-subjects-collaborators-extension-2.0.0.jar:/home/mteixeira/.m2/repository/org/codehaus/groovy/groovy/3.0.8/groovy-3.0.8.jar:/home/mteixeira/.m2/repository/org/codehaus/groovy/groovy-groovydoc/3.0.8/groovy-groovydoc-3.0.8.jar:/home/mteixeira/.m2/repository/com/github/javaparser/javaparser-core/3.18.0/javaparser-core-3.18.0.jar:/home/mteixeira/.m2/repository/org/codehaus/groovy/groovy-docgenerator/3.0.8/groovy-docgenerator-3.0.8.jar:/home/mteixeira/.m2/repository/com/thoughtworks/qdox/qdox/1.12.1/qdox-1.12.1.jar:/home/mteixeira/.m2/repository/org/codehaus/groovy/groovy-templates/3.0.8/groovy-templates-3.0.8.jar:/home/mteixeira/.m2/repository/org/codehaus/groovy/groovy-xml/3.0.8/groovy-xml-3.0.8.jar:/home/mteixeira/.m2/repository/junit/junit/4.13.2/junit-4.13.2.jar:/home/mteixeira/.m2/repository/org/hamcrest/hamcrest-core/2.2/hamcrest-core-2.2.jar:"/>
    <property name="java.vm.vendor" value="Amazon.com Inc."/>
    <property name="sun.arch.data.model" value="64"/>
    <property name="java.vendor.url" value="https://aws.amazon.com/corretto/"/>
    <property name="user.timezone" value="Europe/Warsaw"/>
    <property name="os.name" value="Linux"/>
    <property name="java.vm.specification.version" value="17"/>
    <property name="sun.java.launcher" value="SUN_STANDARD"/>
    <property name="user.country" value="US"/>
    <property name="sun.boot.library.path" value="/usr/lib/jvm/java-17-amazon-corretto/lib"/>
    <property name="sun.java.command" value="/home/mteixeira/projects/learning/java-springboot-spock-template/target/surefire/surefirebooter13390869769187488269.jar /home/mteixeira/projects/learning/java-springboot-spock-template/target/surefire 2023-01-03T15-12-27_122-jvmRun1 surefire10569388371134463075tmp surefire_05615926442288696059tmp"/>
    <property name="jdk.debug" value="release"/>
    <property name="surefire.test.class.path" value="/home/mteixeira/projects/learning/java-springboot-spock-template/target/test-classes:/home/mteixeira/projects/learning/java-springboot-spock-template/target/classes:/home/mteixeira/.m2/repository/org/springframework/boot/spring-boot-starter-web/3.0.1/spring-boot-starter-web-3.0.1.jar:/home/mteixeira/.m2/repository/org/springframework/boot/spring-boot-starter/3.0.1/spring-boot-starter-3.0.1.jar:/home/mteixeira/.m2/repository/org/springframework/boot/spring-boot/3.0.1/spring-boot-3.0.1.jar:/home/mteixeira/.m2/repository/org/springframework/boot/spring-boot-autoconfigure/3.0.1/spring-boot-autoconfigure-3.0.1.jar:/home/mteixeira/.m2/repository/org/springframework/boot/spring-boot-starter-logging/3.0.1/spring-boot-starter-logging-3.0.1.jar:/home/mteixeira/.m2/repository/ch/qos/logback/logback-classic/1.4.5/logback-classic-1.4.5.jar:/home/mteixeira/.m2/repository/ch/qos/logback/logback-core/1.4.5/logback-core-1.4.5.jar:/home/mteixeira/.m2/repository/org/apache/logging/log4j/log4j-to-slf4j/2.19.0/log4j-to-slf4j-2.19.0.jar:/home/mteixeira/.m2/repository/org/apache/logging/log4j/log4j-api/2.19.0/log4j-api-2.19.0.jar:/home/mteixeira/.m2/repository/org/slf4j/jul-to-slf4j/2.0.6/jul-to-slf4j-2.0.6.jar:/home/mteixeira/.m2/repository/jakarta/annotation/jakarta.annotation-api/2.1.1/jakarta.annotation-api-2.1.1.jar:/home/mteixeira/.m2/repository/org/yaml/snakeyaml/1.33/snakeyaml-1.33.jar:/home/mteixeira/.m2/repository/org/springframework/boot/spring-boot-starter-json/3.0.1/spring-boot-starter-json-3.0.1.jar:/home/mteixeira/.m2/repository/com/fasterxml/jackson/datatype/jackson-datatype-jdk8/2.14.1/jackson-datatype-jdk8-2.14.1.jar:/home/mteixeira/.m2/repository/com/fasterxml/jackson/datatype/jackson-datatype-jsr310/2.14.1/jackson-datatype-jsr310-2.14.1.jar:/home/mteixeira/.m2/repository/com/fasterxml/jackson/module/jackson-module-parameter-names/2.14.1/jackson-module-parameter-names-2.14.1.jar:/home/mteixeira/.m2/repository/org/springframework/boot/spring-boot-starter-tomcat/3.0.1/spring-boot-starter-tomcat-3.0.1.jar:/home/mteixeira/.m2/repository/org/apache/tomcat/embed/tomcat-embed-core/10.1.4/tomcat-embed-core-10.1.4.jar:/home/mteixeira/.m2/repository/org/apache/tomcat/embed/tomcat-embed-el/10.1.4/tomcat-embed-el-10.1.4.jar:/home/mteixeira/.m2/repository/org/apache/tomcat/embed/tomcat-embed-websocket/10.1.4/tomcat-embed-websocket-10.1.4.jar:/home/mteixeira/.m2/repository/org/springframework/spring-web/6.0.3/spring-web-6.0.3.jar:/home/mteixeira/.m2/repository/org/springframework/spring-beans/6.0.3/spring-beans-6.0.3.jar:/home/mteixeira/.m2/repository/org/springframework/spring-webmvc/6.0.3/spring-webmvc-6.0.3.jar:/home/mteixeira/.m2/repository/org/springframework/spring-aop/6.0.3/spring-aop-6.0.3.jar:/home/mteixeira/.m2/repository/org/springframework/spring-expression/6.0.3/spring-expression-6.0.3.jar:/home/mteixeira/.m2/repository/org/springframework/boot/spring-boot-starter-actuator/3.0.1/spring-boot-starter-actuator-3.0.1.jar:/home/mteixeira/.m2/repository/org/springframework/boot/spring-boot-actuator-autoconfigure/3.0.1/spring-boot-actuator-autoconfigure-3.0.1.jar:/home/mteixeira/.m2/repository/org/springframework/boot/spring-boot-actuator/3.0.1/spring-boot-actuator-3.0.1.jar:/home/mteixeira/.m2/repository/io/micrometer/micrometer-observation/1.10.2/micrometer-observation-1.10.2.jar:/home/mteixeira/.m2/repository/io/micrometer/micrometer-commons/1.10.2/micrometer-commons-1.10.2.jar:/home/mteixeira/.m2/repository/io/micrometer/micrometer-core/1.10.2/micrometer-core-1.10.2.jar:/home/mteixeira/.m2/repository/org/hdrhistogram/HdrHistogram/2.1.12/HdrHistogram-2.1.12.jar:/home/mteixeira/.m2/repository/org/latencyutils/LatencyUtils/2.0.3/LatencyUtils-2.0.3.jar:/home/mteixeira/.m2/repository/org/projectlombok/lombok/1.18.24/lombok-1.18.24.jar:/home/mteixeira/.m2/repository/org/mapstruct/mapstruct/1.5.3.Final/mapstruct-1.5.3.Final.jar:/home/mteixeira/.m2/repository/org/apache/kafka/kafka-streams/3.3.1/kafka-streams-3.3.1.jar:/home/mteixeira/.m2/repository/org/apache/kafka/kafka-clients/3.3.1/kafka-clients-3.3.1.jar:/home/mteixeira/.m2/repository/com/github/luben/zstd-jni/1.5.2-1/zstd-jni-1.5.2-1.jar:/home/mteixeira/.m2/repository/org/lz4/lz4-java/1.8.0/lz4-java-1.8.0.jar:/home/mteixeira/.m2/repository/org/xerial/snappy/snappy-java/1.1.8.4/snappy-java-1.1.8.4.jar:/home/mteixeira/.m2/repository/org/rocksdb/rocksdbjni/6.29.4.1/rocksdbjni-6.29.4.1.jar:/home/mteixeira/.m2/repository/org/slf4j/slf4j-api/2.0.6/slf4j-api-2.0.6.jar:/home/mteixeira/.m2/repository/com/fasterxml/jackson/core/jackson-annotations/2.14.1/jackson-annotations-2.14.1.jar:/home/mteixeira/.m2/repository/com/fasterxml/jackson/core/jackson-databind/2.14.1/jackson-databind-2.14.1.jar:/home/mteixeira/.m2/repository/com/fasterxml/jackson/core/jackson-core/2.14.1/jackson-core-2.14.1.jar:/home/mteixeira/.m2/repository/org/springframework/kafka/spring-kafka/3.0.1/spring-kafka-3.0.1.jar:/home/mteixeira/.m2/repository/org/springframework/spring-context/6.0.3/spring-context-6.0.3.jar:/home/mteixeira/.m2/repository/org/springframework/spring-messaging/6.0.3/spring-messaging-6.0.3.jar:/home/mteixeira/.m2/repository/org/springframework/spring-tx/6.0.3/spring-tx-6.0.3.jar:/home/mteixeira/.m2/repository/org/springframework/retry/spring-retry/2.0.0/spring-retry-2.0.0.jar:/home/mteixeira/.m2/repository/com/google/code/findbugs/jsr305/3.0.2/jsr305-3.0.2.jar:/home/mteixeira/.m2/repository/org/apache/groovy/groovy/4.0.7/groovy-4.0.7.jar:/home/mteixeira/.m2/repository/org/springframework/boot/spring-boot-starter-test/3.0.1/spring-boot-starter-test-3.0.1.jar:/home/mteixeira/.m2/repository/org/springframework/boot/spring-boot-test/3.0.1/spring-boot-test-3.0.1.jar:/home/mteixeira/.m2/repository/org/springframework/boot/spring-boot-test-autoconfigure/3.0.1/spring-boot-test-autoconfigure-3.0.1.jar:/home/mteixeira/.m2/repository/com/jayway/jsonpath/json-path/2.7.0/json-path-2.7.0.jar:/home/mteixeira/.m2/repository/net/minidev/json-smart/2.4.8/json-smart-2.4.8.jar:/home/mteixeira/.m2/repository/net/minidev/accessors-smart/2.4.8/accessors-smart-2.4.8.jar:/home/mteixeira/.m2/repository/org/ow2/asm/asm/9.1/asm-9.1.jar:/home/mteixeira/.m2/repository/jakarta/xml/bind/jakarta.xml.bind-api/4.0.0/jakarta.xml.bind-api-4.0.0.jar:/home/mteixeira/.m2/repository/jakarta/activation/jakarta.activation-api/2.1.0/jakarta.activation-api-2.1.0.jar:/home/mteixeira/.m2/repository/org/assertj/assertj-core/3.23.1/assertj-core-3.23.1.jar:/home/mteixeira/.m2/repository/net/bytebuddy/byte-buddy/1.12.20/byte-buddy-1.12.20.jar:/home/mteixeira/.m2/repository/org/hamcrest/hamcrest/2.2/hamcrest-2.2.jar:/home/mteixeira/.m2/repository/org/junit/jupiter/junit-jupiter/5.9.1/junit-jupiter-5.9.1.jar:/home/mteixeira/.m2/repository/org/junit/jupiter/junit-jupiter-params/5.9.1/junit-jupiter-params-5.9.1.jar:/home/mteixeira/.m2/repository/org/junit/jupiter/junit-jupiter-engine/5.9.1/junit-jupiter-engine-5.9.1.jar:/home/mteixeira/.m2/repository/org/mockito/mockito-core/4.8.1/mockito-core-4.8.1.jar:/home/mteixeira/.m2/repository/net/bytebuddy/byte-buddy-agent/1.12.20/byte-buddy-agent-1.12.20.jar:/home/mteixeira/.m2/repository/org/objenesis/objenesis/3.2/objenesis-3.2.jar:/home/mteixeira/.m2/repository/org/mockito/mockito-junit-jupiter/4.8.1/mockito-junit-jupiter-4.8.1.jar:/home/mteixeira/.m2/repository/org/skyscreamer/jsonassert/1.5.1/jsonassert-1.5.1.jar:/home/mteixeira/.m2/repository/com/vaadin/external/google/android-json/0.0.20131108.vaadin1/android-json-0.0.20131108.vaadin1.jar:/home/mteixeira/.m2/repository/org/springframework/spring-core/6.0.3/spring-core-6.0.3.jar:/home/mteixeira/.m2/repository/org/springframework/spring-jcl/6.0.3/spring-jcl-6.0.3.jar:/home/mteixeira/.m2/repository/org/springframework/spring-test/6.0.3/spring-test-6.0.3.jar:/home/mteixeira/.m2/repository/org/xmlunit/xmlunit-core/2.9.0/xmlunit-core-2.9.0.jar:/home/mteixeira/.m2/repository/org/springframework/kafka/spring-kafka-test/3.0.1/spring-kafka-test-3.0.1.jar:/home/mteixeira/.m2/repository/org/apache/zookeeper/zookeeper/3.6.3/zookeeper-3.6.3.jar:/home/mteixeira/.m2/repository/org/apache/zookeeper/zookeeper-jute/3.6.3/zookeeper-jute-3.6.3.jar:/home/mteixeira/.m2/repository/org/apache/yetus/audience-annotations/0.5.0/audience-annotations-0.5.0.jar:/home/mteixeira/.m2/repository/io/netty/netty-handler/4.1.86.Final/netty-handler-4.1.86.Final.jar:/home/mteixeira/.m2/repository/io/netty/netty-common/4.1.86.Final/netty-common-4.1.86.Final.jar:/home/mteixeira/.m2/repository/io/netty/netty-resolver/4.1.86.Final/netty-resolver-4.1.86.Final.jar:/home/mteixeira/.m2/repository/io/netty/netty-buffer/4.1.86.Final/netty-buffer-4.1.86.Final.jar:/home/mteixeira/.m2/repository/io/netty/netty-transport/4.1.86.Final/netty-transport-4.1.86.Final.jar:/home/mteixeira/.m2/repository/io/netty/netty-transport-native-unix-common/4.1.86.Final/netty-transport-native-unix-common-4.1.86.Final.jar:/home/mteixeira/.m2/repository/io/netty/netty-codec/4.1.86.Final/netty-codec-4.1.86.Final.jar:/home/mteixeira/.m2/repository/io/netty/netty-transport-native-epoll/4.1.86.Final/netty-transport-native-epoll-4.1.86.Final.jar:/home/mteixeira/.m2/repository/io/netty/netty-transport-classes-epoll/4.1.86.Final/netty-transport-classes-epoll-4.1.86.Final.jar:/home/mteixeira/.m2/repository/org/apache/kafka/kafka-clients/3.3.1/kafka-clients-3.3.1-test.jar:/home/mteixeira/.m2/repository/org/apache/kafka/kafka-metadata/3.3.1/kafka-metadata-3.3.1.jar:/home/mteixeira/.m2/repository/org/apache/kafka/kafka-server-common/3.3.1/kafka-server-common-3.3.1.jar:/home/mteixeira/.m2/repository/org/apache/kafka/kafka-raft/3.3.1/kafka-raft-3.3.1.jar:/home/mteixeira/.m2/repository/com/yammer/metrics/metrics-core/2.2.0/metrics-core-2.2.0.jar:/home/mteixeira/.m2/repository/org/apache/kafka/kafka-streams-test-utils/3.3.1/kafka-streams-test-utils-3.3.1.jar:/home/mteixeira/.m2/repository/org/apache/kafka/kafka_2.13/3.3.1/kafka_2.13-3.3.1.jar:/home/mteixeira/.m2/repository/org/scala-lang/scala-library/2.13.8/scala-library-2.13.8.jar:/home/mteixeira/.m2/repository/org/apache/kafka/kafka-storage/3.3.1/kafka-storage-3.3.1.jar:/home/mteixeira/.m2/repository/org/apache/kafka/kafka-storage-api/3.3.1/kafka-storage-api-3.3.1.jar:/home/mteixeira/.m2/repository/net/sourceforge/argparse4j/argparse4j/0.7.0/argparse4j-0.7.0.jar:/home/mteixeira/.m2/repository/com/fasterxml/jackson/module/jackson-module-scala_2.13/2.14.1/jackson-module-scala_2.13-2.14.1.jar:/home/mteixeira/.m2/repository/com/thoughtworks/paranamer/paranamer/2.8/paranamer-2.8.jar:/home/mteixeira/.m2/repository/com/fasterxml/jackson/dataformat/jackson-dataformat-csv/2.14.1/jackson-dataformat-csv-2.14.1.jar:/home/mteixeira/.m2/repository/net/sf/jopt-simple/jopt-simple/5.0.4/jopt-simple-5.0.4.jar:/home/mteixeira/.m2/repository/org/bitbucket/b_c/jose4j/0.7.9/jose4j-0.7.9.jar:/home/mteixeira/.m2/repository/org/scala-lang/modules/scala-collection-compat_2.13/2.6.0/scala-collection-compat_2.13-2.6.0.jar:/home/mteixeira/.m2/repository/org/scala-lang/modules/scala-java8-compat_2.13/1.0.2/scala-java8-compat_2.13-1.0.2.jar:/home/mteixeira/.m2/repository/org/scala-lang/scala-reflect/2.13.8/scala-reflect-2.13.8.jar:/home/mteixeira/.m2/repository/com/typesafe/scala-logging/scala-logging_2.13/3.9.4/scala-logging_2.13-3.9.4.jar:/home/mteixeira/.m2/repository/io/dropwizard/metrics/metrics-core/4.2.14/metrics-core-4.2.14.jar:/home/mteixeira/.m2/repository/commons-cli/commons-cli/1.4/commons-cli-1.4.jar:/home/mteixeira/.m2/repository/org/apache/kafka/kafka_2.13/3.3.1/kafka_2.13-3.3.1-test.jar:/home/mteixeira/.m2/repository/org/junit/jupiter/junit-jupiter-api/5.9.1/junit-jupiter-api-5.9.1.jar:/home/mteixeira/.m2/repository/org/opentest4j/opentest4j/1.2.0/opentest4j-1.2.0.jar:/home/mteixeira/.m2/repository/org/junit/platform/junit-platform-commons/1.9.1/junit-platform-commons-1.9.1.jar:/home/mteixeira/.m2/repository/org/apiguardian/apiguardian-api/1.1.2/apiguardian-api-1.1.2.jar:/home/mteixeira/.m2/repository/org/junit/platform/junit-platform-launcher/1.9.1/junit-platform-launcher-1.9.1.jar:/home/mteixeira/.m2/repository/org/spockframework/spock-core/2.4-M1-groovy-4.0/spock-core-2.4-M1-groovy-4.0.jar:/home/mteixeira/.m2/repository/org/junit/platform/junit-platform-engine/1.9.1/junit-platform-engine-1.9.1.jar:/home/mteixeira/.m2/repository/org/spockframework/spock-spring/2.4-M1-groovy-4.0/spock-spring-2.4-M1-groovy-4.0.jar:/home/mteixeira/.m2/repository/com/blogspot/toomuchcoding/spock-subjects-collaborators-extension/2.0.0/spock-subjects-collaborators-extension-2.0.0.jar:/home/mteixeira/.m2/repository/org/codehaus/groovy/groovy/3.0.8/groovy-3.0.8.jar:/home/mteixeira/.m2/repository/org/codehaus/groovy/groovy-groovydoc/3.0.8/groovy-groovydoc-3.0.8.jar:/home/mteixeira/.m2/repository/com/github/javaparser/javaparser-core/3.18.0/javaparser-core-3.18.0.jar:/home/mteixeira/.m2/repository/org/codehaus/groovy/groovy-docgenerator/3.0.8/groovy-docgenerator-3.0.8.jar:/home/mteixeira/.m2/repository/com/thoughtworks/qdox/qdox/1.12.1/qdox-1.12.1.jar:/home/mteixeira/.m2/repository/org/codehaus/groovy/groovy-templates/3.0.8/groovy-templates-3.0.8.jar:/home/mteixeira/.m2/repository/org/codehaus/groovy/groovy-xml/3.0.8/groovy-xml-3.0.8.jar:/home/mteixeira/.m2/repository/junit/junit/4.13.2/junit-4.13.2.jar:/home/mteixeira/.m2/repository/org/hamcrest/hamcrest-core/2.2/hamcrest-core-2.2.jar:"/>
    <property name="sun.cpu.endian" value="little"/>
    <property name="user.home" value="/home/mteixeira"/>
    <property name="user.language" value="en"/>
    <property name="java.specification.vendor" value="Oracle Corporation"/>
    <property name="java.version.date" value="2022-10-18"/>
    <property name="java.home" value="/usr/lib/jvm/java-17-amazon-corretto"/>
    <property name="file.separator" value="/"/>
    <property name="basedir" value="/home/mteixeira/projects/learning/java-springboot-spock-template"/>
    <property name="java.vm.compressedOopsMode" value="Zero based"/>
    <property name="line.separator" value="&#10;"/>
    <property name="java.specification.name" value="Java Platform API Specification"/>
    <property name="java.vm.specification.vendor" value="Oracle Corporation"/>
    <property name="surefire.real.class.path" value="/home/mteixeira/projects/learning/java-springboot-spock-template/target/surefire/surefirebooter13390869769187488269.jar"/>
    <property name="sun.management.compiler" value="HotSpot 64-Bit Tiered Compilers"/>
    <property name="java.runtime.version" value="17.0.5+8-LTS"/>
    <property name="user.name" value="mteixeira"/>
    <property name="path.separator" value=":"/>
    <property name="os.version" value="5.15.0-56-generic"/>
    <property name="java.runtime.name" value="OpenJDK Runtime Environment"/>
    <property name="file.encoding" value="UTF-8"/>
    <property name="java.vm.name" value="OpenJDK 64-Bit Server VM"/>
    <property name="java.vendor.version" value="Corretto-17.0.5.8.1"/>
    <property name="localRepository" value="/home/mteixeira/.m2/repository"/>
    <property name="java.vendor.url.bug" value="https://github.com/corretto/corretto-17/issues/"/>
    <property name="java.io.tmpdir" value="/tmp"/>
    <property name="java.version" value="17.0.5"/>
    <property name="user.dir" value="/home/mteixeira/projects/learning/java-springboot-spock-template"/>
    <property name="os.arch" value="amd64"/>
    <property name="java.vm.specification.name" value="Java Virtual Machine Specification"/>
    <property name="native.encoding" value="UTF-8"/>
    <property name="java.library.path" value="/usr/java/packages/lib:/usr/lib64:/lib64:/lib:/usr/lib"/>
    <property name="java.vm.info" value="mixed mode, sharing"/>
    <property name="java.vendor" value="Amazon.com Inc."/>
    <property name="java.vm.version" value="17.0.5+8-LTS"/>
    <property name="sun.io.unicode.encoding" value="UnicodeLittle"/>
    <property name="java.class.version" value="61.0"/>
  </properties>
  <testcase name="MetricsEnum Should have all values(Object,Object,Object,Object)" classname="br.com.omarcoteixeira.data.model.metrics.MetricsEnumTest" time="0.008"/>
  <testcase name="MetricsEnum Should have all values(Object,Object,Object,Object)" classname="br.com.omarcoteixeira.data.model.metrics.MetricsEnumTest" time="0.001"/>
  <testcase name="MetricsEnum Should have all values(Object,Object,Object,Object)" classname="br.com.omarcoteixeira.data.model.metrics.MetricsEnumTest" time="0.183"/>
</testsuite>