<?xml version="1.0" encoding="UTF-8"?>
<testsuite xmlns:xsi="http://www.w3.org/2001/XMLSchema-instance" xsi:noNamespaceSchemaLocation="https://maven.apache.org/surefire/maven-surefire-plugin/xsd/surefire-test-report-3.0.xsd" version="3.0" name="br.com.omarcoteixeira.controller.HealthControllerTest" time="2.907" tests="1" errors="0" skipped="0" failures="0">
  <properties>
    <property name="java.specification.version" value="17"/>
    <property name="sun.jnu.encoding" value="UTF-8"/>
    <property name="java.class.path" value="/home/mteixeira/projects/learning/java-springboot-spock-template/target/test-classes:/home/mteixeira/projects/learning/java-springboot-spock-template/target/classes:/home/mteixeira/.m2/repository/org/springframework/boot/spring-boot-starter-web/3.0.1/spring-boot-starter-web-3.0.1.jar:/home/mteixeira/.m2/repository/org/springframework/boot/spring-boot-starter/3.0.1/spring-boot-starter-3.0.1.jar:/home/mteixeira/.m2/repository/org/springframework/boot/spring-boot/3.0.1/spring-boot-3.0.1.jar:/home/mteixeira/.m2/repository/org/springframework/boot/spring-boot-autoconfigure/3.0.1/spring-boot-autoconfigure-3.0.1.jar:/home/mteixeira/.m2/repository/org/springframework/boot/spring-boot-starter-logging/3.0.1/spring-boot-starter-logging-3.0.1.jar:/home/mteixeira/.m2/repository/ch/qos/logback/logback-classic/1.4.5/logback-classic-1.4.5.jar:/home/mteixeira/.m2/repository/ch/qos/logback/logback-core/1.4.5/logback-core-1.4.5.jar:/home/mteixeira/.m2/repository/org/apache/logging/log4j/log4j-to-slf4j/2.19.0/log4j-to-slf4j-2.19.0.jar:/home/mteixeira/.m2/repository/org/apache/logging/log4j/log4j-api/2.19.0/log4j-api-2.19.0.jar:/home/mteixeira/.m2/repository/org/slf4j/jul-to-slf4j/2.0.6/jul-to-slf4j-2.0.6.jar:/home/mteixeira/.m2/repository/jakarta/annotation/jakarta.annotation-api/2.1.1/jakarta.annotation-api-2.1.1.jar:/home/mteixeira/.m2/repository/org/yaml/snakeyaml/1.33/snakeyaml-1.33.jar:/home/mteixeira/.m2/repository/org/springframework/boot/spring-boot-starter-json/3.0.1/spring-boot-starter-json-3.0.1.jar:/home/mteixeira/.m2/repository/com/fasterxml/jackson/datatype/jackson-datatype-jdk8/2.14.1/jackson-datatype-jdk8-2.14.1.jar:/home/mteixeira/.m2/repository/com/fasterxml/jackson/datatype/jackson-datatype-jsr310/2.14.1/jackson-datatype-jsr310-2.14.1.jar:/home/mteixeira/.m2/repository/com/fasterxml/jackson/module/jackson-module-parameter-names/2.14.1/jackson-module-parameter-names-2.14.1.jar:/home/mteixeira/.m2/repository/org/springframework/boot/spring-boot-starter-tomcat/3.0.1/spring-boot-starter-tomcat-3.0.1.jar:/home/mteixeira/.m2/repository/org/apache/tomcat/embed/tomcat-embed-core/10.1.4/tomcat-embed-core-10.1.4.jar:/home/mteixeira/.m2/repository/org/apache/tomcat/embed/tomcat-embed-el/10.1.4/tomcat-embed-el-10.1.4.jar:/home/mteixeira/.m2/repository/org/apache/tomcat/embed/tomcat-embed-websocket/10.1.4/tomcat-embed-websocket-10.1.4.jar:/home/mteixeira/.m2/repository/org/springframework/spring-web/6.0.3/spring-web-6.0.3.jar:/home/mteixeira/.m2/repository/org/springframework/spring-beans/6.0.3/spring-beans-6.0.3.jar:/home/mteixeira/.m2/repository/org/springframework/spring-webmvc/6.0.3/spring-webmvc-6.0.3.jar:/home/mteixeira/.m2/repository/org/springframework/spring-aop/6.0.3/spring-aop-6.0.3.jar:/home/mteixeira/.m2/repository/org/springframework/spring-expression/6.0.3/spring-expression-6.0.3.jar:/home/mteixeira/.m2/repository/org/springframework/boot/spring-boot-starter-actuator/3.0.1/spring-boot-starter-actuator-3.0.1.jar:/home/mteixeira/.m2/repository/org/springframework/boot/spring-boot-actuator-autoconfigure/3.0.1/spring-boot-actuator-autoconfigure-3.0.1.jar:/home/mteixeira/.m2/repository/org/springframework/boot/spring-boot-actuator/3.0.1/spring-boot-actuator-3.0.1.jar:/home/mteixeira/.m2/repository/io/micrometer/micrometer-observation/1.10.2/micrometer-observation-1.10.2.jar:/home/mteixeira/.m2/repository/io/micrometer/micrometer-commons/1.10.2/micrometer-commons-1.10.2.jar:/home/mteixeira/.m2/repository/io/micrometer/micrometer-core/1.10.2/micrometer-core-1.10.2.jar:/home/mteixeira/.m2/repository/org/hdrhistogram/HdrHistogram/2.1.12/HdrHistogram-2.1.12.jar:/home/mteixeira/.m2/repository/org/latencyutils/LatencyUtils/2.0.3/LatencyUtils-2.0.3.jar:/home/mteixeira/.m2/repository/org/projectlombok/lombok/1.18.24/lombok-1.18.24.jar:/home/mteixeira/.m2/repository/org/mapstruct/mapstruct/1.5.3.Final/mapstruct-1.5.3.Final.jar:/home/mteixeira/.m2/repository/org/apache/kafka/kafka-streams/3.3.1/kafka-streams-3.3.1.jar:/home/mteixeira/.m2/repository/org/apache/kafka/kafka-clients/3.3.1/kafka-clients-3.3.1.jar:/home/mteixeira/.m2/repository/com/github/luben/zstd-jni/1.5.2-1/zstd-jni-1.5.2-1.jar:/home/mteixeira/.m2/repository/org/lz4/lz4-java/1.8.0/lz4-java-1.8.0.jar:/home/mteixeira/.m2/repository/org/xerial/snappy/snappy-java/1.1.8.4/snappy-java-1.1.8.4.jar:/home/mteixeira/.m2/repository/org/rocksdb/rocksdbjni/6.29.4.1/rocksdbjni-6.29.4.1.jar:/home/mteixeira/.m2/repository/org/slf4j/slf4j-api/2.0.6/slf4j-api-2.0.6.jar:/home/mteixeira/.m2/repository/com/fasterxml/jackson/core/jackson-annotations/2.14.1/jackson-annotations-2.14.1.jar:/home/mteixeira/.m2/repository/com/fasterxml/jackson/core/jackson-databind/2.14.1/jackson-databind-2.14.1.jar:/home/mteixeira/.m2/repository/com/fasterxml/jackson/core/jackson-core/2.14.1/jackson-core-2.14.1.jar:/home/mteixeira/.m2/repository/org/springframework/kafka/spring-kafka/3.0.1/spring-kafka-3.0.1.jar:/home/mteixeira/.m2/repository/org/springframework/spring-context/6.0.3/spring-context-6.0.3.jar:/home/mteixeira/.m2/repository/org/springframework/spring-messaging/6.0.3/spring-messaging-6.0.3.jar:/home/mteixeira/.m2/repository/org/springframework/spring-tx/6.0.3/spring-tx-6.0.3.jar:/home/mteixeira/.m2/repository/org/springframework/retry/spring-retry/2.0.0/spring-retry-2.0.0.jar:/home/mteixeira/.m2/repository/com/google/code/findbugs/jsr305/3.0.2/jsr305-3.0.2.jar:/home/mteixeira/.m2/repository/org/apache/groovy/groovy/4.0.7/groovy-4.0.7.jar:/home/mteixeira/.m2/repository/org/springframework/boot/spring-boot-starter-test/3.0.1/spring-boot-starter-test-3.0.1.jar:/home/mteixeira/.m2/repository/org/springframework/boot/spring-boot-test/3.0.1/spring-boot-test-3.0.1.jar:/home/mteixeira/.m2/repository/org/springframework/boot/spring-boot-test-autoconfigure/3.0.1/spring-boot-test-autoconfigure-3.0.1.jar:/home/mteixeira/.m2/repository/com/jayway/jsonpath/json-path/2.7.0/json-path-2.7.0.jar:/home/mteixeira/.m2/repository/net/minidev/json-smart/2.4.8/json-smart-2.4.8.jar:/home/mteixeira/.m2/repository/net/minidev/accessors-smart/2.4.8/accessors-smart-2.4.8.jar:/home/mteixeira/.m2/repository/org/ow2/asm/asm/9.1/asm-9.1.jar:/home/mteixeira/.m2/repository/jakarta/xml/bind/jakarta.xml.bind-api/4.0.0/jakarta.xml.bind-api-4.0.0.jar:/home/mteixeira/.m2/repository/jakarta/activation/jakarta.activation-api/2.1.0/jakarta.activation-api-2.1.0.jar:/home/mteixeira/.m2/repository/org/assertj/assertj-core/3.23.1/assertj-core-3.23.1.jar:/home/mteixeira/.m2/repository/net/bytebuddy/byte-buddy/1.12.20/byte-buddy-1.12.20.jar:/home/mteixeira/.m2/repository/org/hamcrest/hamcrest/2.2/hamcrest-2.2.jar:/home/mteixeira/.m2/repository/org/junit/jupiter/junit-jupiter/5.9.1/junit-jupiter-5.9.1.jar:/home/mteixeira/.m2/repository/org/junit/jupiter/junit-jupiter-params/5.9.1/junit-jupiter-params-5.9.1.jar:/home/mteixeira/.m2/repository/org/junit/jupiter/junit-jupiter-engine/5.9.1/junit-jupiter-engine-5.9.1.jar:/home/mteixeira/.m2/repository/org/mockito/mockito-core/4.8.1/mockito-core-4.8.1.jar:/home/mteixeira/.m2/repository/net/bytebuddy/byte-buddy-agent/1.12.20/byte-buddy-agent-1.12.20.jar:/home/mteixeira/.m2/repository/org/objenesis/objenesis/3.2/objenesis-3.2.jar:/home/mteixeira/.m2/repository/org/mockito/mockito-junit-jupiter/4.8.1/mockito-junit-jupiter-4.8.1.jar:/home/mteixeira/.m2/repository/org/skyscreamer/jsonassert/1.5.1/jsonassert-1.5.1.jar:/home/mteixeira/.m2/repository/com/vaadin/external/google/android-json/0.0.20131108.vaadin1/android-json-0.0.20131108.vaadin1.jar:/home/mteixeira/.m2/repository/org/springframework/spring-core/6.0.3/spring-core-6.0.3.jar:/home/mteixeira/.m2/repository/org/springframework/spring-jcl/6.0.3/spring-jcl-6.0.3.jar:/home/mteixeira/.m2/repository/org/springframework/spring-test/6.0.3/spring-test-6.0.3.jar:/home/mteixeira/.m2/repository/org/xmlunit/xmlunit-core/2.9.0/xmlunit-core-2.9.0.jar:/home/mteixeira/.m2/repository/org/springframework/kafka/spring-kafka-test/3.0.1/spring-kafka-test-3.0.1.jar:/home/mteixeira/.m2/repository/org/apache/zookeeper/zookeeper/3.6.3/zookeeper-3.6.3.jar:/home/mteixeira/.m2/repository/org/apache/zookeeper/zookeeper-jute/3.6.3/zookeeper-jute-3.6.3.jar:/home/mteixeira/.m2/repository/org/apache/yetus/audience-annotations/0.5.0/audience-annotations-0.5.0.jar:/home/mteixeira/.m2/repository/io/netty/netty-handler/4.1.86.Final/netty-handler-4.1.86.Final.jar:/home/mteixeira/.m2/repository/io/netty/netty-common/4.1.86.Final/netty-common-4.1.86.Final.jar:/home/mteixeira/.m2/repository/io/netty/netty-resolver/4.1.86.Final/netty-resolver-4.1.86.Final.jar:/home/mteixeira/.m2/repository/io/netty/netty-buffer/4.1.86.Final/netty-buffer-4.1.86.Final.jar:/home/mteixeira/.m2/repository/io/netty/netty-transport/4.1.86.Final/netty-transport-4.1.86.Final.jar:/home/mteixeira/.m2/repository/io/netty/netty-transport-native-unix-common/4.1.86.Final/netty-transport-native-unix-common-4.1.86.Final.jar:/home/mteixeira/.m2/repository/io/netty/netty-codec/4.1.86.Final/netty-codec-4.1.86.Final.jar:/home/mteixeira/.m2/repository/io/netty/netty-transport-native-epoll/4.1.86.Final/netty-transport-native-epoll-4.1.86.Final.jar:/home/mteixeira/.m2/repository/io/netty/netty-transport-classes-epoll/4.1.86.Final/netty-transport-classes-epoll-4.1.86.Final.jar:/home/mteixeira/.m2/repository/org/apache/kafka/kafka-clients/3.3.1/kafka-clients-3.3.1-test.jar:/home/mteixeira/.m2/repository/org/apache/kafka/kafka-metadata/3.3.1/kafka-metadata-3.3.1.jar:/home/mteixeira/.m2/repository/org/apache/kafka/kafka-server-common/3.3.1/kafka-server-common-3.3.1.jar:/home/mteixeira/.m2/repository/org/apache/kafka/kafka-raft/3.3.1/kafka-raft-3.3.1.jar:/home/mteixeira/.m2/repository/com/yammer/metrics/metrics-core/2.2.0/metrics-core-2.2.0.jar:/home/mteixeira/.m2/repository/org/apache/kafka/kafka-streams-test-utils/3.3.1/kafka-streams-test-utils-3.3.1.jar:/home/mteixeira/.m2/repository/org/apache/kafka/kafka_2.13/3.3.1/kafka_2.13-3.3.1.jar:/home/mteixeira/.m2/repository/org/scala-lang/scala-library/2.13.8/scala-library-2.13.8.jar:/home/mteixeira/.m2/repository/org/apache/kafka/kafka-storage/3.3.1/kafka-storage-3.3.1.jar:/home/mteixeira/.m2/repository/org/apache/kafka/kafka-storage-api/3.3.1/kafka-storage-api-3.3.1.jar:/home/mteixeira/.m2/repository/net/sourceforge/argparse4j/argparse4j/0.7.0/argparse4j-0.7.0.jar:/home/mteixeira/.m2/repository/com/fasterxml/jackson/module/jackson-module-scala_2.13/2.14.1/jackson-module-scala_2.13-2.14.1.jar:/home/mteixeira/.m2/repository/com/thoughtworks/paranamer/paranamer/2.8/paranamer-2.8.jar:/home/mteixeira/.m2/repository/com/fasterxml/jackson/dataformat/jackson-dataformat-csv/2.14.1/jackson-dataformat-csv-2.14.1.jar:/home/mteixeira/.m2/repository/net/sf/jopt-simple/jopt-simple/5.0.4/jopt-simple-5.0.4.jar:/home/mteixeira/.m2/repository/org/bitbucket/b_c/jose4j/0.7.9/jose4j-0.7.9.jar:/home/mteixeira/.m2/repository/org/scala-lang/modules/scala-collection-compat_2.13/2.6.0/scala-collection-compat_2.13-2.6.0.jar:/home/mteixeira/.m2/repository/org/scala-lang/modules/scala-java8-compat_2.13/1.0.2/scala-java8-compat_2.13-1.0.2.jar:/home/mteixeira/.m2/repository/org/scala-lang/scala-reflect/2.13.8/scala-reflect-2.13.8.jar:/home/mteixeira/.m2/repository/com/typesafe/scala-logging/scala-logging_2.13/3.9.4/scala-logging_2.13-3.9.4.jar:/home/mteixeira/.m2/repository/io/dropwizard/metrics/metrics-core/4.2.14/metrics-core-4.2.14.jar:/home/mteixeira/.m2/repository/commons-cli/commons-cli/1.4/commons-cli-1.4.jar:/home/mteixeira/.m2/repository/org/apache/kafka/kafka_2.13/3.3.1/kafka_2.13-3.3.1-test.jar:/home/mteixeira/.m2/repository/org/junit/jupiter/junit-jupiter-api/5.9.1/junit-jupiter-api-5.9.1.jar:/home/mteixeira/.m2/repository/org/opentest4j/opentest4j/1.2.0/opentest4j-1.2.0.jar:/home/mteixeira/.m2/repository/org/junit/platform/junit-platform-commons/1.9.1/junit-platform-commons-1.9.1.jar:/home/mteixeira/.m2/repository/org/apiguardian/apiguardian-api/1.1.2/apiguardian-api-1.1.2.jar:/home/mteixeira/.m2/repository/org/junit/platform/junit-platform-launcher/1.9.1/junit-platform-launcher-1.9.1.jar:/home/mteixeira/.m2/repository/org/spockframework/spock-core/2.4-M1-groovy-4.0/spock-core-2.4-M1-groovy-4.0.jar:/home/mteixeira/.m2/repository/org/junit/platform/junit-platform-engine/1.9.1/junit-platform-engine-1.9.1.jar:/home/mteixeira/.m2/repository/org/spockframework/spock-spring/2.4-M1-groovy-4.0/spock-spring-2.4-M1-groovy-4.0.jar:/home/mteixeira/.m2/repository/com/blogspot/toomuchcoding/spock-subjects-collaborators-extension/2.0.0/spock-subjects-collaborators-extension-2.0.0.jar:/home/mteixeira/.m2/repository/org/codehaus/groovy/groovy/3.0.8/groovy-3.0.8.jar:/home/mteixeira/.m2/repository/org/codehaus/groovy/groovy-groovydoc/3.0.8/groovy-groovydoc-3.0.8.jar:/home/mteixeira/.m2/repository/com/github/javaparser/javaparser-core/3.18.0/javaparser-core-3.18.0.jar:/home/mteixeira/.m2/repository/org/codehaus/groovy/groovy-docgenerator/3.0.8/groovy-docgenerator-3.0.8.jar:/home/mteixeira/.m2/repository/com/thoughtworks/qdox/qdox/1.12.1/qdox-1.12.1.jar:/home/mteixeira/.m2/repository/org/codehaus/groovy/groovy-templates/3.0.8/groovy-templates-3.0.8.jar:/home/mteixeira/.m2/repository/org/codehaus/groovy/groovy-xml/3.0.8/groovy-xml-3.0.8.jar:/home/mteixeira/.m2/repository/junit/junit/4.13.2/junit-4.13.2.jar:/home/mteixeira/.m2/repository/org/hamcrest/hamcrest-core/2.2/hamcrest-core-2.2.jar:"/>
    <property name="java.vm.vendor" value="Amazon.com Inc."/>
    <property name="sun.arch.data.model" value="64"/>
    <property name="java.vendor.url" value="https://aws.amazon.com/corretto/"/>
    <property name="user.timezone" value="Europe/Warsaw"/>
    <property name="os.name" value="Linux"/>
    <property name="java.vm.specification.version" value="17"/>
    <property name="sun.java.launcher" value="SUN_STANDARD"/>
    <property name="user.country" value="US"/>
    <property name="sun.boot.library.path" value="/usr/lib/jvm/java-17-amazon-corretto/lib"/>
    <property name="sun.java.command" value="/home/mteixeira/projects/learning/java-springboot-spock-template/target/surefire/surefirebooter13390869769187488269.jar /home/mteixeira/projects/learning/java-springboot-spock-template/target/surefire 2023-01-03T15-12-27_122-jvmRun1 surefire10569388371134463075tmp surefire_05615926442288696059tmp"/>
    <property name="jdk.debug" value="release"/>
    <property name="surefire.test.class.path" value="/home/mteixeira/projects/learning/java-springboot-spock-template/target/test-classes:/home/mteixeira/projects/learning/java-springboot-spock-template/target/classes:/home/mteixeira/.m2/repository/org/springframework/boot/spring-boot-starter-web/3.0.1/spring-boot-starter-web-3.0.1.jar:/home/mteixeira/.m2/repository/org/springframework/boot/spring-boot-starter/3.0.1/spring-boot-starter-3.0.1.jar:/home/mteixeira/.m2/repository/org/springframework/boot/spring-boot/3.0.1/spring-boot-3.0.1.jar:/home/mteixeira/.m2/repository/org/springframework/boot/spring-boot-autoconfigure/3.0.1/spring-boot-autoconfigure-3.0.1.jar:/home/mteixeira/.m2/repository/org/springframework/boot/spring-boot-starter-logging/3.0.1/spring-boot-starter-logging-3.0.1.jar:/home/mteixeira/.m2/repository/ch/qos/logback/logback-classic/1.4.5/logback-classic-1.4.5.jar:/home/mteixeira/.m2/repository/ch/qos/logback/logback-core/1.4.5/logback-core-1.4.5.jar:/home/mteixeira/.m2/repository/org/apache/logging/log4j/log4j-to-slf4j/2.19.0/log4j-to-slf4j-2.19.0.jar:/home/mteixeira/.m2/repository/org/apache/logging/log4j/log4j-api/2.19.0/log4j-api-2.19.0.jar:/home/mteixeira/.m2/repository/org/slf4j/jul-to-slf4j/2.0.6/jul-to-slf4j-2.0.6.jar:/home/mteixeira/.m2/repository/jakarta/annotation/jakarta.annotation-api/2.1.1/jakarta.annotation-api-2.1.1.jar:/home/mteixeira/.m2/repository/org/yaml/snakeyaml/1.33/snakeyaml-1.33.jar:/home/mteixeira/.m2/repository/org/springframework/boot/spring-boot-starter-json/3.0.1/spring-boot-starter-json-3.0.1.jar:/home/mteixeira/.m2/repository/com/fasterxml/jackson/datatype/jackson-datatype-jdk8/2.14.1/jackson-datatype-jdk8-2.14.1.jar:/home/mteixeira/.m2/repository/com/fasterxml/jackson/datatype/jackson-datatype-jsr310/2.14.1/jackson-datatype-jsr310-2.14.1.jar:/home/mteixeira/.m2/repository/com/fasterxml/jackson/module/jackson-module-parameter-names/2.14.1/jackson-module-parameter-names-2.14.1.jar:/home/mteixeira/.m2/repository/org/springframework/boot/spring-boot-starter-tomcat/3.0.1/spring-boot-starter-tomcat-3.0.1.jar:/home/mteixeira/.m2/repository/org/apache/tomcat/embed/tomcat-embed-core/10.1.4/tomcat-embed-core-10.1.4.jar:/home/mteixeira/.m2/repository/org/apache/tomcat/embed/tomcat-embed-el/10.1.4/tomcat-embed-el-10.1.4.jar:/home/mteixeira/.m2/repository/org/apache/tomcat/embed/tomcat-embed-websocket/10.1.4/tomcat-embed-websocket-10.1.4.jar:/home/mteixeira/.m2/repository/org/springframework/spring-web/6.0.3/spring-web-6.0.3.jar:/home/mteixeira/.m2/repository/org/springframework/spring-beans/6.0.3/spring-beans-6.0.3.jar:/home/mteixeira/.m2/repository/org/springframework/spring-webmvc/6.0.3/spring-webmvc-6.0.3.jar:/home/mteixeira/.m2/repository/org/springframework/spring-aop/6.0.3/spring-aop-6.0.3.jar:/home/mteixeira/.m2/repository/org/springframework/spring-expression/6.0.3/spring-expression-6.0.3.jar:/home/mteixeira/.m2/repository/org/springframework/boot/spring-boot-starter-actuator/3.0.1/spring-boot-starter-actuator-3.0.1.jar:/home/mteixeira/.m2/repository/org/springframework/boot/spring-boot-actuator-autoconfigure/3.0.1/spring-boot-actuator-autoconfigure-3.0.1.jar:/home/mteixeira/.m2/repository/org/springframework/boot/spring-boot-actuator/3.0.1/spring-boot-actuator-3.0.1.jar:/home/mteixeira/.m2/repository/io/micrometer/micrometer-observation/1.10.2/micrometer-observation-1.10.2.jar:/home/mteixeira/.m2/repository/io/micrometer/micrometer-commons/1.10.2/micrometer-commons-1.10.2.jar:/home/mteixeira/.m2/repository/io/micrometer/micrometer-core/1.10.2/micrometer-core-1.10.2.jar:/home/mteixeira/.m2/repository/org/hdrhistogram/HdrHistogram/2.1.12/HdrHistogram-2.1.12.jar:/home/mteixeira/.m2/repository/org/latencyutils/LatencyUtils/2.0.3/LatencyUtils-2.0.3.jar:/home/mteixeira/.m2/repository/org/projectlombok/lombok/1.18.24/lombok-1.18.24.jar:/home/mteixeira/.m2/repository/org/mapstruct/mapstruct/1.5.3.Final/mapstruct-1.5.3.Final.jar:/home/mteixeira/.m2/repository/org/apache/kafka/kafka-streams/3.3.1/kafka-streams-3.3.1.jar:/home/mteixeira/.m2/repository/org/apache/kafka/kafka-clients/3.3.1/kafka-clients-3.3.1.jar:/home/mteixeira/.m2/repository/com/github/luben/zstd-jni/1.5.2-1/zstd-jni-1.5.2-1.jar:/home/mteixeira/.m2/repository/org/lz4/lz4-java/1.8.0/lz4-java-1.8.0.jar:/home/mteixeira/.m2/repository/org/xerial/snappy/snappy-java/1.1.8.4/snappy-java-1.1.8.4.jar:/home/mteixeira/.m2/repository/org/rocksdb/rocksdbjni/6.29.4.1/rocksdbjni-6.29.4.1.jar:/home/mteixeira/.m2/repository/org/slf4j/slf4j-api/2.0.6/slf4j-api-2.0.6.jar:/home/mteixeira/.m2/repository/com/fasterxml/jackson/core/jackson-annotations/2.14.1/jackson-annotations-2.14.1.jar:/home/mteixeira/.m2/repository/com/fasterxml/jackson/core/jackson-databind/2.14.1/jackson-databind-2.14.1.jar:/home/mteixeira/.m2/repository/com/fasterxml/jackson/core/jackson-core/2.14.1/jackson-core-2.14.1.jar:/home/mteixeira/.m2/repository/org/springframework/kafka/spring-kafka/3.0.1/spring-kafka-3.0.1.jar:/home/mteixeira/.m2/repository/org/springframework/spring-context/6.0.3/spring-context-6.0.3.jar:/home/mteixeira/.m2/repository/org/springframework/spring-messaging/6.0.3/spring-messaging-6.0.3.jar:/home/mteixeira/.m2/repository/org/springframework/spring-tx/6.0.3/spring-tx-6.0.3.jar:/home/mteixeira/.m2/repository/org/springframework/retry/spring-retry/2.0.0/spring-retry-2.0.0.jar:/home/mteixeira/.m2/repository/com/google/code/findbugs/jsr305/3.0.2/jsr305-3.0.2.jar:/home/mteixeira/.m2/repository/org/apache/groovy/groovy/4.0.7/groovy-4.0.7.jar:/home/mteixeira/.m2/repository/org/springframework/boot/spring-boot-starter-test/3.0.1/spring-boot-starter-test-3.0.1.jar:/home/mteixeira/.m2/repository/org/springframework/boot/spring-boot-test/3.0.1/spring-boot-test-3.0.1.jar:/home/mteixeira/.m2/repository/org/springframework/boot/spring-boot-test-autoconfigure/3.0.1/spring-boot-test-autoconfigure-3.0.1.jar:/home/mteixeira/.m2/repository/com/jayway/jsonpath/json-path/2.7.0/json-path-2.7.0.jar:/home/mteixeira/.m2/repository/net/minidev/json-smart/2.4.8/json-smart-2.4.8.jar:/home/mteixeira/.m2/repository/net/minidev/accessors-smart/2.4.8/accessors-smart-2.4.8.jar:/home/mteixeira/.m2/repository/org/ow2/asm/asm/9.1/asm-9.1.jar:/home/mteixeira/.m2/repository/jakarta/xml/bind/jakarta.xml.bind-api/4.0.0/jakarta.xml.bind-api-4.0.0.jar:/home/mteixeira/.m2/repository/jakarta/activation/jakarta.activation-api/2.1.0/jakarta.activation-api-2.1.0.jar:/home/mteixeira/.m2/repository/org/assertj/assertj-core/3.23.1/assertj-core-3.23.1.jar:/home/mteixeira/.m2/repository/net/bytebuddy/byte-buddy/1.12.20/byte-buddy-1.12.20.jar:/home/mteixeira/.m2/repository/org/hamcrest/hamcrest/2.2/hamcrest-2.2.jar:/home/mteixeira/.m2/repository/org/junit/jupiter/junit-jupiter/5.9.1/junit-jupiter-5.9.1.jar:/home/mteixeira/.m2/repository/org/junit/jupiter/junit-jupiter-params/5.9.1/junit-jupiter-params-5.9.1.jar:/home/mteixeira/.m2/repository/org/junit/jupiter/junit-jupiter-engine/5.9.1/junit-jupiter-engine-5.9.1.jar:/home/mteixeira/.m2/repository/org/mockito/mockito-core/4.8.1/mockito-core-4.8.1.jar:/home/mteixeira/.m2/repository/net/bytebuddy/byte-buddy-agent/1.12.20/byte-buddy-agent-1.12.20.jar:/home/mteixeira/.m2/repository/org/objenesis/objenesis/3.2/objenesis-3.2.jar:/home/mteixeira/.m2/repository/org/mockito/mockito-junit-jupiter/4.8.1/mockito-junit-jupiter-4.8.1.jar:/home/mteixeira/.m2/repository/org/skyscreamer/jsonassert/1.5.1/jsonassert-1.5.1.jar:/home/mteixeira/.m2/repository/com/vaadin/external/google/android-json/0.0.20131108.vaadin1/android-json-0.0.20131108.vaadin1.jar:/home/mteixeira/.m2/repository/org/springframework/spring-core/6.0.3/spring-core-6.0.3.jar:/home/mteixeira/.m2/repository/org/springframework/spring-jcl/6.0.3/spring-jcl-6.0.3.jar:/home/mteixeira/.m2/repository/org/springframework/spring-test/6.0.3/spring-test-6.0.3.jar:/home/mteixeira/.m2/repository/org/xmlunit/xmlunit-core/2.9.0/xmlunit-core-2.9.0.jar:/home/mteixeira/.m2/repository/org/springframework/kafka/spring-kafka-test/3.0.1/spring-kafka-test-3.0.1.jar:/home/mteixeira/.m2/repository/org/apache/zookeeper/zookeeper/3.6.3/zookeeper-3.6.3.jar:/home/mteixeira/.m2/repository/org/apache/zookeeper/zookeeper-jute/3.6.3/zookeeper-jute-3.6.3.jar:/home/mteixeira/.m2/repository/org/apache/yetus/audience-annotations/0.5.0/audience-annotations-0.5.0.jar:/home/mteixeira/.m2/repository/io/netty/netty-handler/4.1.86.Final/netty-handler-4.1.86.Final.jar:/home/mteixeira/.m2/repository/io/netty/netty-common/4.1.86.Final/netty-common-4.1.86.Final.jar:/home/mteixeira/.m2/repository/io/netty/netty-resolver/4.1.86.Final/netty-resolver-4.1.86.Final.jar:/home/mteixeira/.m2/repository/io/netty/netty-buffer/4.1.86.Final/netty-buffer-4.1.86.Final.jar:/home/mteixeira/.m2/repository/io/netty/netty-transport/4.1.86.Final/netty-transport-4.1.86.Final.jar:/home/mteixeira/.m2/repository/io/netty/netty-transport-native-unix-common/4.1.86.Final/netty-transport-native-unix-common-4.1.86.Final.jar:/home/mteixeira/.m2/repository/io/netty/netty-codec/4.1.86.Final/netty-codec-4.1.86.Final.jar:/home/mteixeira/.m2/repository/io/netty/netty-transport-native-epoll/4.1.86.Final/netty-transport-native-epoll-4.1.86.Final.jar:/home/mteixeira/.m2/repository/io/netty/netty-transport-classes-epoll/4.1.86.Final/netty-transport-classes-epoll-4.1.86.Final.jar:/home/mteixeira/.m2/repository/org/apache/kafka/kafka-clients/3.3.1/kafka-clients-3.3.1-test.jar:/home/mteixeira/.m2/repository/org/apache/kafka/kafka-metadata/3.3.1/kafka-metadata-3.3.1.jar:/home/mteixeira/.m2/repository/org/apache/kafka/kafka-server-common/3.3.1/kafka-server-common-3.3.1.jar:/home/mteixeira/.m2/repository/org/apache/kafka/kafka-raft/3.3.1/kafka-raft-3.3.1.jar:/home/mteixeira/.m2/repository/com/yammer/metrics/metrics-core/2.2.0/metrics-core-2.2.0.jar:/home/mteixeira/.m2/repository/org/apache/kafka/kafka-streams-test-utils/3.3.1/kafka-streams-test-utils-3.3.1.jar:/home/mteixeira/.m2/repository/org/apache/kafka/kafka_2.13/3.3.1/kafka_2.13-3.3.1.jar:/home/mteixeira/.m2/repository/org/scala-lang/scala-library/2.13.8/scala-library-2.13.8.jar:/home/mteixeira/.m2/repository/org/apache/kafka/kafka-storage/3.3.1/kafka-storage-3.3.1.jar:/home/mteixeira/.m2/repository/org/apache/kafka/kafka-storage-api/3.3.1/kafka-storage-api-3.3.1.jar:/home/mteixeira/.m2/repository/net/sourceforge/argparse4j/argparse4j/0.7.0/argparse4j-0.7.0.jar:/home/mteixeira/.m2/repository/com/fasterxml/jackson/module/jackson-module-scala_2.13/2.14.1/jackson-module-scala_2.13-2.14.1.jar:/home/mteixeira/.m2/repository/com/thoughtworks/paranamer/paranamer/2.8/paranamer-2.8.jar:/home/mteixeira/.m2/repository/com/fasterxml/jackson/dataformat/jackson-dataformat-csv/2.14.1/jackson-dataformat-csv-2.14.1.jar:/home/mteixeira/.m2/repository/net/sf/jopt-simple/jopt-simple/5.0.4/jopt-simple-5.0.4.jar:/home/mteixeira/.m2/repository/org/bitbucket/b_c/jose4j/0.7.9/jose4j-0.7.9.jar:/home/mteixeira/.m2/repository/org/scala-lang/modules/scala-collection-compat_2.13/2.6.0/scala-collection-compat_2.13-2.6.0.jar:/home/mteixeira/.m2/repository/org/scala-lang/modules/scala-java8-compat_2.13/1.0.2/scala-java8-compat_2.13-1.0.2.jar:/home/mteixeira/.m2/repository/org/scala-lang/scala-reflect/2.13.8/scala-reflect-2.13.8.jar:/home/mteixeira/.m2/repository/com/typesafe/scala-logging/scala-logging_2.13/3.9.4/scala-logging_2.13-3.9.4.jar:/home/mteixeira/.m2/repository/io/dropwizard/metrics/metrics-core/4.2.14/metrics-core-4.2.14.jar:/home/mteixeira/.m2/repository/commons-cli/commons-cli/1.4/commons-cli-1.4.jar:/home/mteixeira/.m2/repository/org/apache/kafka/kafka_2.13/3.3.1/kafka_2.13-3.3.1-test.jar:/home/mteixeira/.m2/repository/org/junit/jupiter/junit-jupiter-api/5.9.1/junit-jupiter-api-5.9.1.jar:/home/mteixeira/.m2/repository/org/opentest4j/opentest4j/1.2.0/opentest4j-1.2.0.jar:/home/mteixeira/.m2/repository/org/junit/platform/junit-platform-commons/1.9.1/junit-platform-commons-1.9.1.jar:/home/mteixeira/.m2/repository/org/apiguardian/apiguardian-api/1.1.2/apiguardian-api-1.1.2.jar:/home/mteixeira/.m2/repository/org/junit/platform/junit-platform-launcher/1.9.1/junit-platform-launcher-1.9.1.jar:/home/mteixeira/.m2/repository/org/spockframework/spock-core/2.4-M1-groovy-4.0/spock-core-2.4-M1-groovy-4.0.jar:/home/mteixeira/.m2/repository/org/junit/platform/junit-platform-engine/1.9.1/junit-platform-engine-1.9.1.jar:/home/mteixeira/.m2/repository/org/spockframework/spock-spring/2.4-M1-groovy-4.0/spock-spring-2.4-M1-groovy-4.0.jar:/home/mteixeira/.m2/repository/com/blogspot/toomuchcoding/spock-subjects-collaborators-extension/2.0.0/spock-subjects-collaborators-extension-2.0.0.jar:/home/mteixeira/.m2/repository/org/codehaus/groovy/groovy/3.0.8/groovy-3.0.8.jar:/home/mteixeira/.m2/repository/org/codehaus/groovy/groovy-groovydoc/3.0.8/groovy-groovydoc-3.0.8.jar:/home/mteixeira/.m2/repository/com/github/javaparser/javaparser-core/3.18.0/javaparser-core-3.18.0.jar:/home/mteixeira/.m2/repository/org/codehaus/groovy/groovy-docgenerator/3.0.8/groovy-docgenerator-3.0.8.jar:/home/mteixeira/.m2/repository/com/thoughtworks/qdox/qdox/1.12.1/qdox-1.12.1.jar:/home/mteixeira/.m2/repository/org/codehaus/groovy/groovy-templates/3.0.8/groovy-templates-3.0.8.jar:/home/mteixeira/.m2/repository/org/codehaus/groovy/groovy-xml/3.0.8/groovy-xml-3.0.8.jar:/home/mteixeira/.m2/repository/junit/junit/4.13.2/junit-4.13.2.jar:/home/mteixeira/.m2/repository/org/hamcrest/hamcrest-core/2.2/hamcrest-core-2.2.jar:"/>
    <property name="sun.cpu.endian" value="little"/>
    <property name="user.home" value="/home/mteixeira"/>
    <property name="user.language" value="en"/>
    <property name="java.specification.vendor" value="Oracle Corporation"/>
    <property name="java.version.date" value="2022-10-18"/>
    <property name="java.home" value="/usr/lib/jvm/java-17-amazon-corretto"/>
    <property name="file.separator" value="/"/>
    <property name="basedir" value="/home/mteixeira/projects/learning/java-springboot-spock-template"/>
    <property name="java.vm.compressedOopsMode" value="Zero based"/>
    <property name="line.separator" value="&#10;"/>
    <property name="java.specification.name" value="Java Platform API Specification"/>
    <property name="java.vm.specification.vendor" value="Oracle Corporation"/>
    <property name="surefire.real.class.path" value="/home/mteixeira/projects/learning/java-springboot-spock-template/target/surefire/surefirebooter13390869769187488269.jar"/>
    <property name="sun.management.compiler" value="HotSpot 64-Bit Tiered Compilers"/>
    <property name="java.runtime.version" value="17.0.5+8-LTS"/>
    <property name="user.name" value="mteixeira"/>
    <property name="path.separator" value=":"/>
    <property name="os.version" value="5.15.0-56-generic"/>
    <property name="java.runtime.name" value="OpenJDK Runtime Environment"/>
    <property name="file.encoding" value="UTF-8"/>
    <property name="java.vm.name" value="OpenJDK 64-Bit Server VM"/>
    <property name="java.vendor.version" value="Corretto-17.0.5.8.1"/>
    <property name="localRepository" value="/home/mteixeira/.m2/repository"/>
    <property name="java.vendor.url.bug" value="https://github.com/corretto/corretto-17/issues/"/>
    <property name="java.io.tmpdir" value="/tmp"/>
    <property name="java.version" value="17.0.5"/>
    <property name="user.dir" value="/home/mteixeira/projects/learning/java-springboot-spock-template"/>
    <property name="os.arch" value="amd64"/>
    <property name="java.vm.specification.name" value="Java Virtual Machine Specification"/>
    <property name="native.encoding" value="UTF-8"/>
    <property name="java.library.path" value="/usr/java/packages/lib:/usr/lib64:/lib64:/lib:/usr/lib"/>
    <property name="java.vm.info" value="mixed mode, sharing"/>
    <property name="java.vendor" value="Amazon.com Inc."/>
    <property name="java.vm.version" value="17.0.5+8-LTS"/>
    <property name="sun.io.unicode.encoding" value="UnicodeLittle"/>
    <property name="java.class.version" value="61.0"/>
  </properties>
  <testcase name="should return HTTP OK on /ping request" classname="br.com.omarcoteixeira.controller.HealthControllerTest" time="0.776">
    <system-out><![CDATA[15:12:28.365 [main] DEBUG org.springframework.test.annotation.ProfileValueUtils - Retrieved @ProfileValueSourceConfiguration [null] for test class [br.com.omarcoteixeira.controller.HealthControllerTest]
15:12:28.371 [main] DEBUG org.springframework.test.annotation.ProfileValueUtils - Retrieved ProfileValueSource type [class org.springframework.test.annotation.SystemProfileValueSource] for class [br.com.omarcoteixeira.controller.HealthControllerTest]
15:12:28.372 [main] DEBUG org.springframework.test.annotation.ProfileValueUtils - Retrieved @ProfileValueSourceConfiguration [null] for test class [br.com.omarcoteixeira.controller.HealthControllerTest]
15:12:28.372 [main] DEBUG org.springframework.test.annotation.ProfileValueUtils - Retrieved ProfileValueSource type [class org.springframework.test.annotation.SystemProfileValueSource] for class [br.com.omarcoteixeira.controller.HealthControllerTest]
15:12:28.498 [main] DEBUG org.springframework.test.context.web.WebTestContextBootstrapper - Using ContextCustomizers for test class [HealthControllerTest]: [ExcludeFilterContextCustomizer, DuplicateJsonObjectContextCustomizer, MockitoContextCustomizer, DisableObservabilityContextCustomizer, PropertyMappingContextCustomizer, Customizer, MockServerContainerContextCustomizer, SpockContextCustomizer]
15:12:28.535 [main] DEBUG org.springframework.test.context.web.WebTestContextBootstrapper - Using TestExecutionListeners for test class [HealthControllerTest]: [ServletTestExecutionListener, DirtiesContextBeforeModesTestExecutionListener, ApplicationEventsTestExecutionListener, MockitoTestExecutionListener, DependencyInjectionTestExecutionListener, DirtiesContextTestExecutionListener, TransactionalTestExecutionListener, SqlScriptsTestExecutionListener, EventPublishingTestExecutionListener, ResetMocksTestExecutionListener, RestDocsTestExecutionListener, MockRestServiceServerResetTestExecutionListener, MockMvcPrintOnlyOnFailureTestExecutionListener, WebDriverTestExecutionListener, MockWebServiceServerTestExecutionListener, SpringMockTestExecutionListener]
15:12:28.561 [main] DEBUG org.springframework.test.annotation.ProfileValueUtils - Retrieved @ProfileValueSourceConfiguration [null] for test class [br.com.omarcoteixeira.controller.UserControllerTest]
15:12:28.561 [main] DEBUG org.springframework.test.annotation.ProfileValueUtils - Retrieved ProfileValueSource type [class org.springframework.test.annotation.SystemProfileValueSource] for class [br.com.omarcoteixeira.controller.UserControllerTest]
15:12:28.561 [main] DEBUG org.springframework.test.annotation.ProfileValueUtils - Retrieved @ProfileValueSourceConfiguration [null] for test class [br.com.omarcoteixeira.controller.UserControllerTest]
15:12:28.561 [main] DEBUG org.springframework.test.annotation.ProfileValueUtils - Retrieved ProfileValueSource type [class org.springframework.test.annotation.SystemProfileValueSource] for class [br.com.omarcoteixeira.controller.UserControllerTest]
15:12:28.561 [main] DEBUG org.springframework.test.annotation.ProfileValueUtils - Retrieved @ProfileValueSourceConfiguration [null] for test class [br.com.omarcoteixeira.controller.UserControllerTest]
15:12:28.561 [main] DEBUG org.springframework.test.annotation.ProfileValueUtils - Retrieved ProfileValueSource type [class org.springframework.test.annotation.SystemProfileValueSource] for class [br.com.omarcoteixeira.controller.UserControllerTest]
15:12:28.577 [main] DEBUG org.springframework.test.context.web.WebTestContextBootstrapper - Using ContextCustomizers for test class [UserControllerTest]: [ExcludeFilterContextCustomizer, DuplicateJsonObjectContextCustomizer, MockitoContextCustomizer, DisableObservabilityContextCustomizer, PropertyMappingContextCustomizer, Customizer, MockServerContainerContextCustomizer, SpockContextCustomizer]
15:12:28.579 [main] DEBUG org.springframework.test.context.web.WebTestContextBootstrapper - Using TestExecutionListeners for test class [UserControllerTest]: [ServletTestExecutionListener, DirtiesContextBeforeModesTestExecutionListener, ApplicationEventsTestExecutionListener, MockitoTestExecutionListener, DependencyInjectionTestExecutionListener, DirtiesContextTestExecutionListener, TransactionalTestExecutionListener, SqlScriptsTestExecutionListener, EventPublishingTestExecutionListener, ResetMocksTestExecutionListener, RestDocsTestExecutionListener, MockRestServiceServerResetTestExecutionListener, MockMvcPrintOnlyOnFailureTestExecutionListener, WebDriverTestExecutionListener, MockWebServiceServerTestExecutionListener, SpringMockTestExecutionListener]
15:12:28.610 [main] DEBUG org.springframework.test.annotation.ProfileValueUtils - Retrieved @ProfileValueSourceConfiguration [null] for test class [br.com.omarcoteixeira.controller.HealthControllerTest]
15:12:28.610 [main] DEBUG org.springframework.test.annotation.ProfileValueUtils - Retrieved ProfileValueSource type [class org.springframework.test.annotation.SystemProfileValueSource] for class [br.com.omarcoteixeira.controller.HealthControllerTest]
15:12:28.610 [main] DEBUG org.springframework.test.annotation.ProfileValueUtils - Retrieved @ProfileValueSourceConfiguration [null] for test class [br.com.omarcoteixeira.controller.HealthControllerTest]
15:12:28.610 [main] DEBUG org.springframework.test.annotation.ProfileValueUtils - Retrieved ProfileValueSource type [class org.springframework.test.annotation.SystemProfileValueSource] for class [br.com.omarcoteixeira.controller.HealthControllerTest]
15:12:28.613 [main] DEBUG org.springframework.test.context.web.WebTestContextBootstrapper - Using ContextCustomizers for test class [HealthControllerTest]: [ExcludeFilterContextCustomizer, DuplicateJsonObjectContextCustomizer, MockitoContextCustomizer, DisableObservabilityContextCustomizer, PropertyMappingContextCustomizer, Customizer, MockServerContainerContextCustomizer, SpockContextCustomizer]
15:12:28.614 [main] DEBUG org.springframework.test.context.web.WebTestContextBootstrapper - Using TestExecutionListeners for test class [HealthControllerTest]: [ServletTestExecutionListener, DirtiesContextBeforeModesTestExecutionListener, ApplicationEventsTestExecutionListener, MockitoTestExecutionListener, DependencyInjectionTestExecutionListener, DirtiesContextTestExecutionListener, TransactionalTestExecutionListener, SqlScriptsTestExecutionListener, EventPublishingTestExecutionListener, ResetMocksTestExecutionListener, RestDocsTestExecutionListener, MockRestServiceServerResetTestExecutionListener, MockMvcPrintOnlyOnFailureTestExecutionListener, WebDriverTestExecutionListener, MockWebServiceServerTestExecutionListener, SpringMockTestExecutionListener]
15:12:28.615 [main] DEBUG org.springframework.test.annotation.ProfileValueUtils - Retrieved @ProfileValueSourceConfiguration [null] for test class [br.com.omarcoteixeira.controller.UserControllerTest]
15:12:28.615 [main] DEBUG org.springframework.test.annotation.ProfileValueUtils - Retrieved ProfileValueSource type [class org.springframework.test.annotation.SystemProfileValueSource] for class [br.com.omarcoteixeira.controller.UserControllerTest]
15:12:28.615 [main] DEBUG org.springframework.test.annotation.ProfileValueUtils - Retrieved @ProfileValueSourceConfiguration [null] for test class [br.com.omarcoteixeira.controller.UserControllerTest]
15:12:28.615 [main] DEBUG org.springframework.test.annotation.ProfileValueUtils - Retrieved ProfileValueSource type [class org.springframework.test.annotation.SystemProfileValueSource] for class [br.com.omarcoteixeira.controller.UserControllerTest]
15:12:28.615 [main] DEBUG org.springframework.test.annotation.ProfileValueUtils - Retrieved @ProfileValueSourceConfiguration [null] for test class [br.com.omarcoteixeira.controller.UserControllerTest]
15:12:28.615 [main] DEBUG org.springframework.test.annotation.ProfileValueUtils - Retrieved ProfileValueSource type [class org.springframework.test.annotation.SystemProfileValueSource] for class [br.com.omarcoteixeira.controller.UserControllerTest]
15:12:28.618 [main] DEBUG org.springframework.test.context.web.WebTestContextBootstrapper - Using ContextCustomizers for test class [UserControllerTest]: [ExcludeFilterContextCustomizer, DuplicateJsonObjectContextCustomizer, MockitoContextCustomizer, DisableObservabilityContextCustomizer, PropertyMappingContextCustomizer, Customizer, MockServerContainerContextCustomizer, SpockContextCustomizer]
15:12:28.619 [main] DEBUG org.springframework.test.context.web.WebTestContextBootstrapper - Using TestExecutionListeners for test class [UserControllerTest]: [ServletTestExecutionListener, DirtiesContextBeforeModesTestExecutionListener, ApplicationEventsTestExecutionListener, MockitoTestExecutionListener, DependencyInjectionTestExecutionListener, DirtiesContextTestExecutionListener, TransactionalTestExecutionListener, SqlScriptsTestExecutionListener, EventPublishingTestExecutionListener, ResetMocksTestExecutionListener, RestDocsTestExecutionListener, MockRestServiceServerResetTestExecutionListener, MockMvcPrintOnlyOnFailureTestExecutionListener, WebDriverTestExecutionListener, MockWebServiceServerTestExecutionListener, SpringMockTestExecutionListener]
15:12:29.025 [main] DEBUG org.springframework.test.context.support.AbstractDirtiesContextTestExecutionListener - Before test class: class [HealthControllerTest], class annotated with @DirtiesContext [false] with mode [null]
15:12:29.511 [main] DEBUG org.springframework.test.context.web.AbstractGenericWebContextLoader - Loading WebApplicationContext for test class br.com.omarcoteixeira.controller.HealthControllerTest
15:12:29.600 [main] DEBUG org.springframework.web.context.support.StandardServletEnvironment - Activating profiles []
15:12:29.852 [main] DEBUG org.springframework.web.context.support.StandardServletEnvironment - Activating profiles []
15:12:29.854 [main] DEBUG org.springframework.test.context.web.AnnotationConfigWebContextLoader - Registering annotated classes: [class br.com.omarcoteixeira.config.ApplicationConfiguration]
15:12:29.926 [main] DEBUG org.springframework.web.context.support.GenericWebApplicationContext - Refreshing org.springframework.web.context.support.GenericWebApplicationContext@6dded900
15:12:29.949 [main] DEBUG org.springframework.beans.factory.support.DefaultListableBeanFactory - Creating shared instance of singleton bean 'org.springframework.context.annotation.internalConfigurationAnnotationProcessor'
15:12:30.051 [main] DEBUG org.springframework.context.annotation.ClassPathBeanDefinitionScanner - Identified candidate component class: file [/home/mteixeira/projects/learning/java-springboot-spock-template/target/classes/br/com/omarcoteixeira/controller/HealthController.class]
15:12:30.052 [main] DEBUG org.springframework.context.annotation.ClassPathBeanDefinitionScanner - Identified candidate component class: file [/home/mteixeira/projects/learning/java-springboot-spock-template/target/classes/br/com/omarcoteixeira/controller/PostController.class]
15:12:30.052 [main] DEBUG org.springframework.context.annotation.ClassPathBeanDefinitionScanner - Identified candidate component class: file [/home/mteixeira/projects/learning/java-springboot-spock-template/target/classes/br/com/omarcoteixeira/controller/UserController.class]
15:12:30.058 [main] DEBUG org.springframework.context.annotation.ClassPathBeanDefinitionScanner - Identified candidate component class: file [/home/mteixeira/projects/learning/java-springboot-spock-template/target/classes/br/com/omarcoteixeira/data/mapper/BaseMapperImpl.class]
15:12:30.058 [main] DEBUG org.springframework.context.annotation.ClassPathBeanDefinitionScanner - Identified candidate component class: file [/home/mteixeira/projects/learning/java-springboot-spock-template/target/classes/br/com/omarcoteixeira/data/mapper/PostMapperImpl.class]
15:12:30.059 [main] DEBUG org.springframework.context.annotation.ClassPathBeanDefinitionScanner - Identified candidate component class: file [/home/mteixeira/projects/learning/java-springboot-spock-template/target/classes/br/com/omarcoteixeira/data/mapper/UserMapperImpl.class]
15:12:30.497 [main] DEBUG org.springframework.beans.factory.support.DefaultListableBeanFactory - Creating shared instance of singleton bean 'org.springframework.boot.test.mock.mockito.MockitoPostProcessor'
15:12:30.512 [main] DEBUG org.springframework.beans.factory.support.DefaultListableBeanFactory - Creating shared instance of singleton bean 'org.spockframework.spring.mock.SpockMockPostprocessor'
15:12:30.517 [main] DEBUG org.springframework.beans.factory.support.DefaultListableBeanFactory - Creating shared instance of singleton bean 'org.springframework.context.event.internalEventListenerProcessor'
15:12:30.520 [main] DEBUG org.springframework.beans.factory.support.DefaultListableBeanFactory - Creating shared instance of singleton bean 'org.springframework.context.event.internalEventListenerFactory'
15:12:30.523 [main] DEBUG org.springframework.beans.factory.support.DefaultListableBeanFactory - Creating shared instance of singleton bean 'org.springframework.context.annotation.internalAutowiredAnnotationProcessor'
15:12:30.525 [main] DEBUG org.springframework.beans.factory.support.DefaultListableBeanFactory - Creating shared instance of singleton bean 'org.springframework.context.annotation.internalCommonAnnotationProcessor'
15:12:30.530 [main] DEBUG org.springframework.beans.factory.support.DefaultListableBeanFactory - Creating shared instance of singleton bean 'org.springframework.boot.test.mock.mockito.MockitoPostProcessor$SpyPostProcessor'
15:12:30.531 [main] DEBUG org.springframework.beans.factory.support.DefaultListableBeanFactory - Creating shared instance of singleton bean 'org.spockframework.spring.mock.SpockMockPostprocessor$SpyPostProcessor'
15:12:30.531 [main] DEBUG org.springframework.beans.factory.support.DefaultListableBeanFactory - Creating shared instance of singleton bean 'org.springframework.boot.context.properties.ConfigurationPropertiesBindingPostProcessor'
15:12:30.531 [main] DEBUG org.springframework.beans.factory.support.DefaultListableBeanFactory - Creating shared instance of singleton bean 'org.springframework.boot.context.internalConfigurationPropertiesBinder'
15:12:30.532 [main] DEBUG org.springframework.beans.factory.support.DefaultListableBeanFactory - Creating shared instance of singleton bean 'org.springframework.boot.context.internalConfigurationPropertiesBinderFactory'
15:12:30.536 [main] DEBUG org.springframework.beans.factory.support.DefaultListableBeanFactory - Creating shared instance of singleton bean 'webServerFactoryCustomizerBeanPostProcessor'
15:12:30.539 [main] DEBUG org.springframework.beans.factory.support.DefaultListableBeanFactory - Creating shared instance of singleton bean 'errorPageRegistrarBeanPostProcessor'
15:12:30.543 [main] DEBUG org.springframework.ui.context.support.UiApplicationContextUtils - Unable to locate ThemeSource with name 'themeSource': using default [org.springframework.ui.context.support.ResourceBundleThemeSource@4ef10d3b]
15:12:30.544 [main] DEBUG org.springframework.beans.factory.support.DefaultListableBeanFactory - Creating shared instance of singleton bean 'applicationConfiguration'
15:12:30.549 [main] DEBUG org.springframework.beans.factory.support.DefaultListableBeanFactory - Creating shared instance of singleton bean 'healthController'
15:12:30.553 [main] DEBUG org.springframework.beans.factory.support.DefaultListableBeanFactory - Creating shared instance of singleton bean 'healthStatus'
15:12:30.553 [main] DEBUG org.springframework.beans.factory.support.DefaultListableBeanFactory - Creating shared instance of singleton bean 'br.com.omarcoteixeira.config.HealthConfiguration'
15:12:30.556 [main] WARN org.springframework.core.LocalVariableTableParameterNameDiscoverer - Using deprecated '-debug' fallback for parameter name resolution. Compile the affected code with '-parameters' instead or avoid its introspection: br.com.omarcoteixeira.config.HealthConfiguration
15:12:30.556 [main] DEBUG org.springframework.beans.factory.support.DefaultListableBeanFactory - Creating shared instance of singleton bean 'isHealthy'
15:12:30.556 [main] DEBUG org.springframework.beans.factory.support.DefaultListableBeanFactory - Creating shared instance of singleton bean 'br.com.omarcoteixeira.config.MetricsConfiguration'
15:12:30.575 [main] DEBUG org.springframework.beans.factory.support.DefaultListableBeanFactory - Creating shared instance of singleton bean 'httpHealthy'
15:12:30.576 [main] DEBUG org.springframework.beans.factory.support.DefaultListableBeanFactory - Autowiring by type from bean name 'healthStatus' via factory method to bean named 'isHealthy'
15:12:30.576 [main] DEBUG org.springframework.beans.factory.support.DefaultListableBeanFactory - Autowiring by type from bean name 'healthStatus' via factory method to bean named 'httpHealthy'
15:12:30.577 [main] DEBUG org.springframework.beans.factory.support.DefaultListableBeanFactory - Autowiring by type from bean name 'healthController' via constructor to bean named 'healthStatus'
15:12:30.577 [main] DEBUG org.springframework.beans.factory.support.DefaultListableBeanFactory - Creating shared instance of singleton bean 'postController'
15:12:30.578 [main] DEBUG org.springframework.beans.factory.support.DefaultListableBeanFactory - Creating shared instance of singleton bean 'postMapperImpl'
15:12:30.578 [main] DEBUG org.springframework.beans.factory.support.DefaultListableBeanFactory - Autowiring by type from bean name 'postController' via constructor to bean named 'postMapperImpl'
15:12:30.579 [main] DEBUG org.springframework.beans.factory.support.DefaultListableBeanFactory - Creating shared instance of singleton bean 'userController'
15:12:30.579 [main] DEBUG org.springframework.beans.factory.support.DefaultListableBeanFactory - Creating shared instance of singleton bean 'userMapperImpl'
15:12:30.580 [main] DEBUG org.springframework.beans.factory.support.DefaultListableBeanFactory - Creating shared instance of singleton bean 'getUserByIdUseCase'
15:12:30.580 [main] DEBUG org.springframework.beans.factory.support.DefaultListableBeanFactory - Creating shared instance of singleton bean 'br.com.omarcoteixeira.config.UseCaseConfiguration'
15:12:30.581 [main] DEBUG org.springframework.beans.factory.support.DefaultListableBeanFactory - Creating shared instance of singleton bean 'getUserByIdRepository'
15:12:30.581 [main] DEBUG org.springframework.beans.factory.support.DefaultListableBeanFactory - Creating shared instance of singleton bean 'br.com.omarcoteixeira.config.RepositoryConfiguration'
15:12:30.583 [main] DEBUG org.springframework.beans.factory.support.DefaultListableBeanFactory - Autowiring by type from bean name 'getUserByIdUseCase' via factory method to bean named 'getUserByIdRepository'
15:12:30.585 [main] DEBUG org.springframework.beans.factory.support.DefaultListableBeanFactory - Autowiring by type from bean name 'userController' via constructor to bean named 'userMapperImpl'
15:12:30.585 [main] DEBUG org.springframework.beans.factory.support.DefaultListableBeanFactory - Autowiring by type from bean name 'userController' via constructor to bean named 'getUserByIdUseCase'
15:12:30.586 [main] DEBUG org.springframework.beans.factory.support.DefaultListableBeanFactory - Creating shared instance of singleton bean 'baseMapperImpl'
15:12:30.586 [main] DEBUG org.springframework.beans.factory.support.DefaultListableBeanFactory - Creating shared instance of singleton bean 'org.springframework.web.servlet.config.annotation.DelegatingWebMvcConfiguration'
15:12:30.598 [main] DEBUG org.springframework.beans.factory.support.DefaultListableBeanFactory - Creating shared instance of singleton bean 'requestMappingHandlerMapping'
15:12:30.600 [main] DEBUG org.springframework.beans.factory.support.DefaultListableBeanFactory - Creating shared instance of singleton bean 'mvcContentNegotiationManager'
15:12:30.615 [main] DEBUG org.springframework.beans.factory.support.DefaultListableBeanFactory - Creating shared instance of singleton bean 'mvcConversionService'
15:12:30.619 [main] DEBUG org.springframework.beans.factory.support.DefaultListableBeanFactory - Creating shared instance of singleton bean 'mvcResourceUrlProvider'
15:12:30.623 [main] DEBUG org.springframework.beans.factory.support.DefaultListableBeanFactory - Autowiring by type from bean name 'requestMappingHandlerMapping' via factory method to bean named 'mvcContentNegotiationManager'
15:12:30.623 [main] DEBUG org.springframework.beans.factory.support.DefaultListableBeanFactory - Autowiring by type from bean name 'requestMappingHandlerMapping' via factory method to bean named 'mvcConversionService'
15:12:30.623 [main] DEBUG org.springframework.beans.factory.support.DefaultListableBeanFactory - Autowiring by type from bean name 'requestMappingHandlerMapping' via factory method to bean named 'mvcResourceUrlProvider'
15:12:30.692 [main] DEBUG _org.springframework.web.servlet.HandlerMapping.Mappings - 
	b.c.o.c.HealthController:
	{GET [/ping]}: ping()
15:12:30.696 [main] DEBUG _org.springframework.web.servlet.HandlerMapping.Mappings - 
	b.c.o.c.PostController:
	{GET [/post/{id}]}: getPostById(String)
15:12:30.698 [main] DEBUG _org.springframework.web.servlet.HandlerMapping.Mappings - 
	b.c.o.c.UserController:
	{GET [/user/{id}]}: getUserById(String)
15:12:30.705 [main] DEBUG org.springframework.web.servlet.mvc.method.annotation.RequestMappingHandlerMapping - 3 mappings in 'requestMappingHandlerMapping'
15:12:30.705 [main] DEBUG org.springframework.beans.factory.support.DefaultListableBeanFactory - Creating shared instance of singleton bean 'mvcPatternParser'
15:12:30.705 [main] DEBUG org.springframework.beans.factory.support.DefaultListableBeanFactory - Creating shared instance of singleton bean 'mvcUrlPathHelper'
15:12:30.706 [main] DEBUG org.springframework.beans.factory.support.DefaultListableBeanFactory - Creating shared instance of singleton bean 'mvcPathMatcher'
15:12:30.707 [main] DEBUG org.springframework.beans.factory.support.DefaultListableBeanFactory - Creating shared instance of singleton bean 'viewControllerHandlerMapping'
15:12:30.707 [main] DEBUG org.springframework.beans.factory.support.DefaultListableBeanFactory - Autowiring by type from bean name 'viewControllerHandlerMapping' via factory method to bean named 'mvcConversionService'
15:12:30.707 [main] DEBUG org.springframework.beans.factory.support.DefaultListableBeanFactory - Autowiring by type from bean name 'viewControllerHandlerMapping' via factory method to bean named 'mvcResourceUrlProvider'
15:12:30.708 [main] DEBUG org.springframework.beans.factory.support.DefaultListableBeanFactory - Creating shared instance of singleton bean 'beanNameHandlerMapping'
15:12:30.708 [main] DEBUG org.springframework.beans.factory.support.DefaultListableBeanFactory - Autowiring by type from bean name 'beanNameHandlerMapping' via factory method to bean named 'mvcConversionService'
15:12:30.709 [main] DEBUG org.springframework.beans.factory.support.DefaultListableBeanFactory - Autowiring by type from bean name 'beanNameHandlerMapping' via factory method to bean named 'mvcResourceUrlProvider'
15:12:30.711 [main] DEBUG _org.springframework.web.servlet.HandlerMapping.Mappings - 'beanNameHandlerMapping' {}
15:12:30.711 [main] DEBUG org.springframework.beans.factory.support.DefaultListableBeanFactory - Creating shared instance of singleton bean 'routerFunctionMapping'
15:12:30.712 [main] DEBUG org.springframework.beans.factory.support.DefaultListableBeanFactory - Autowiring by type from bean name 'routerFunctionMapping' via factory method to bean named 'mvcConversionService'
15:12:30.712 [main] DEBUG org.springframework.beans.factory.support.DefaultListableBeanFactory - Autowiring by type from bean name 'routerFunctionMapping' via factory method to bean named 'mvcResourceUrlProvider'
15:12:30.795 [main] DEBUG org.springframework.beans.factory.support.DefaultListableBeanFactory - Creating shared instance of singleton bean 'resourceHandlerMapping'
15:12:30.796 [main] DEBUG org.springframework.beans.factory.support.DefaultListableBeanFactory - Autowiring by type from bean name 'resourceHandlerMapping' via factory method to bean named 'mvcContentNegotiationManager'
15:12:30.796 [main] DEBUG org.springframework.beans.factory.support.DefaultListableBeanFactory - Autowiring by type from bean name 'resourceHandlerMapping' via factory method to bean named 'mvcConversionService'
15:12:30.796 [main] DEBUG org.springframework.beans.factory.support.DefaultListableBeanFactory - Autowiring by type from bean name 'resourceHandlerMapping' via factory method to bean named 'mvcResourceUrlProvider'
15:12:30.796 [main] DEBUG org.springframework.beans.factory.support.DefaultListableBeanFactory - Creating shared instance of singleton bean 'defaultServletHandlerMapping'
15:12:30.797 [main] DEBUG org.springframework.beans.factory.support.DefaultListableBeanFactory - Creating shared instance of singleton bean 'requestMappingHandlerAdapter'
15:12:30.797 [main] DEBUG org.springframework.beans.factory.support.DefaultListableBeanFactory - Creating shared instance of singleton bean 'mvcValidator'
15:12:30.798 [main] DEBUG org.springframework.beans.factory.support.DefaultListableBeanFactory - Autowiring by type from bean name 'requestMappingHandlerAdapter' via factory method to bean named 'mvcContentNegotiationManager'
15:12:30.798 [main] DEBUG org.springframework.beans.factory.support.DefaultListableBeanFactory - Autowiring by type from bean name 'requestMappingHandlerAdapter' via factory method to bean named 'mvcConversionService'
15:12:30.798 [main] DEBUG org.springframework.beans.factory.support.DefaultListableBeanFactory - Autowiring by type from bean name 'requestMappingHandlerAdapter' via factory method to bean named 'mvcValidator'
15:12:30.820 [main] DEBUG org.springframework.web.servlet.mvc.method.annotation.RequestMappingHandlerAdapter - ControllerAdvice beans: 0 @ModelAttribute, 0 @InitBinder, 1 RequestBodyAdvice, 1 ResponseBodyAdvice
15:12:30.863 [main] DEBUG org.springframework.beans.factory.support.DefaultListableBeanFactory - Creating shared instance of singleton bean 'handlerFunctionAdapter'
15:12:30.867 [main] DEBUG org.springframework.beans.factory.support.DefaultListableBeanFactory - Creating shared instance of singleton bean 'mvcUriComponentsContributor'
15:12:30.868 [main] DEBUG org.springframework.beans.factory.support.DefaultListableBeanFactory - Autowiring by type from bean name 'mvcUriComponentsContributor' via factory method to bean named 'mvcConversionService'
15:12:30.868 [main] DEBUG org.springframework.beans.factory.support.DefaultListableBeanFactory - Autowiring by type from bean name 'mvcUriComponentsContributor' via factory method to bean named 'requestMappingHandlerAdapter'
15:12:30.872 [main] DEBUG org.springframework.beans.factory.support.DefaultListableBeanFactory - Creating shared instance of singleton bean 'httpRequestHandlerAdapter'
15:12:30.873 [main] DEBUG org.springframework.beans.factory.support.DefaultListableBeanFactory - Creating shared instance of singleton bean 'simpleControllerHandlerAdapter'
15:12:30.873 [main] DEBUG org.springframework.beans.factory.support.DefaultListableBeanFactory - Creating shared instance of singleton bean 'handlerExceptionResolver'
15:12:30.874 [main] DEBUG org.springframework.beans.factory.support.DefaultListableBeanFactory - Autowiring by type from bean name 'handlerExceptionResolver' via factory method to bean named 'mvcContentNegotiationManager'
15:12:30.876 [main] DEBUG org.springframework.web.servlet.mvc.method.annotation.ExceptionHandlerExceptionResolver - ControllerAdvice beans: 0 @ExceptionHandler, 1 ResponseBodyAdvice
15:12:30.880 [main] DEBUG org.springframework.beans.factory.support.DefaultListableBeanFactory - Creating shared instance of singleton bean 'mvcViewResolver'
15:12:30.880 [main] DEBUG org.springframework.beans.factory.support.DefaultListableBeanFactory - Autowiring by type from bean name 'mvcViewResolver' via factory method to bean named 'mvcContentNegotiationManager'
15:12:30.890 [main] DEBUG org.springframework.beans.factory.support.DefaultListableBeanFactory - Creating shared instance of singleton bean 'localeResolver'
15:12:30.891 [main] DEBUG org.springframework.beans.factory.support.DefaultListableBeanFactory - Creating shared instance of singleton bean 'themeResolver'
15:12:30.893 [main] DEBUG org.springframework.beans.factory.support.DefaultListableBeanFactory - Creating shared instance of singleton bean 'flashMapManager'
15:12:30.896 [main] DEBUG org.springframework.beans.factory.support.DefaultListableBeanFactory - Creating shared instance of singleton bean 'viewNameTranslator'
15:12:30.897 [main] DEBUG org.springframework.beans.factory.support.DefaultListableBeanFactory - Creating shared instance of singleton bean 'org.springframework.boot.actuate.autoconfigure.web.server.ManagementContextAutoConfiguration$SameManagementContextConfiguration$EnableSameManagementContextConfiguration'
15:12:30.897 [main] DEBUG org.springframework.beans.factory.support.DefaultListableBeanFactory - Creating shared instance of singleton bean 'org.springframework.boot.actuate.autoconfigure.web.server.ManagementContextAutoConfiguration$SameManagementContextConfiguration'
15:12:30.898 [main] DEBUG org.springframework.beans.factory.support.DefaultListableBeanFactory - Autowiring by type from bean name 'org.springframework.boot.actuate.autoconfigure.web.server.ManagementContextAutoConfiguration$SameManagementContextConfiguration' via constructor to bean named 'environment'
15:12:30.898 [main] DEBUG org.springframework.beans.factory.support.DefaultListableBeanFactory - Creating shared instance of singleton bean 'org.springframework.boot.actuate.autoconfigure.web.server.ManagementContextAutoConfiguration'
15:12:30.898 [main] DEBUG org.springframework.beans.factory.support.DefaultListableBeanFactory - Creating shared instance of singleton bean 'org.springframework.boot.context.properties.BoundConfigurationProperties'
15:12:30.899 [main] DEBUG org.springframework.beans.factory.support.DefaultListableBeanFactory - Creating shared instance of singleton bean 'org.springframework.boot.context.properties.EnableConfigurationPropertiesRegistrar.methodValidationExcludeFilter'
15:12:30.901 [main] DEBUG org.springframework.beans.factory.support.DefaultListableBeanFactory - Creating shared instance of singleton bean 'management.server-org.springframework.boot.actuate.autoconfigure.web.server.ManagementServerProperties'
15:12:30.915 [main] DEBUG org.springframework.beans.factory.support.DefaultListableBeanFactory - Creating shared instance of singleton bean 'management.endpoints.web-org.springframework.boot.actuate.autoconfigure.endpoint.web.WebEndpointProperties'
15:12:30.927 [main] DEBUG org.springframework.beans.factory.support.DefaultListableBeanFactory - Creating shared instance of singleton bean 'org.springframework.boot.actuate.autoconfigure.endpoint.EndpointAutoConfiguration'
15:12:30.928 [main] DEBUG org.springframework.beans.factory.support.DefaultListableBeanFactory - Creating shared instance of singleton bean 'endpointOperationParameterMapper'
15:12:30.937 [main] DEBUG org.springframework.beans.factory.support.DefaultListableBeanFactory - Creating shared instance of singleton bean 'endpointCachingOperationInvokerAdvisor'
15:12:30.937 [main] DEBUG org.springframework.beans.factory.support.DefaultListableBeanFactory - Autowiring by type from bean name 'endpointCachingOperationInvokerAdvisor' via factory method to bean named 'environment'
15:12:30.940 [main] DEBUG org.springframework.beans.factory.support.DefaultListableBeanFactory - Creating shared instance of singleton bean 'org.springframework.boot.actuate.autoconfigure.endpoint.web.WebEndpointAutoConfiguration$WebEndpointServletConfiguration'
15:12:30.941 [main] DEBUG org.springframework.beans.factory.support.DefaultListableBeanFactory - Creating shared instance of singleton bean 'servletEndpointDiscoverer'
15:12:30.941 [main] DEBUG org.springframework.beans.factory.support.DefaultListableBeanFactory - Autowiring by type from bean name 'servletEndpointDiscoverer' via factory method to bean named 'org.springframework.web.context.support.GenericWebApplicationContext@6dded900'
15:12:30.944 [main] DEBUG org.springframework.beans.factory.support.DefaultListableBeanFactory - Creating shared instance of singleton bean 'webEndpointPathMapper'
15:12:30.944 [main] DEBUG org.springframework.beans.factory.support.DefaultListableBeanFactory - Creating shared instance of singleton bean 'org.springframework.boot.actuate.autoconfigure.endpoint.web.WebEndpointAutoConfiguration'
15:12:30.944 [main] DEBUG org.springframework.beans.factory.support.DefaultListableBeanFactory - Autowiring by type from bean name 'org.springframework.boot.actuate.autoconfigure.endpoint.web.WebEndpointAutoConfiguration' via constructor to bean named 'org.springframework.web.context.support.GenericWebApplicationContext@6dded900'
15:12:30.944 [main] DEBUG org.springframework.beans.factory.support.DefaultListableBeanFactory - Autowiring by type from bean name 'org.springframework.boot.actuate.autoconfigure.endpoint.web.WebEndpointAutoConfiguration' via constructor to bean named 'management.endpoints.web-org.springframework.boot.actuate.autoconfigure.endpoint.web.WebEndpointProperties'
15:12:30.949 [main] DEBUG org.springframework.beans.factory.support.DefaultListableBeanFactory - Creating shared instance of singleton bean 'servletExposeExcludePropertyEndpointFilter'
15:12:30.949 [main] DEBUG org.springframework.beans.factory.support.DefaultListableBeanFactory - Creating shared instance of singleton bean 'org.springframework.boot.actuate.autoconfigure.endpoint.web.ServletEndpointManagementContextConfiguration'
15:12:30.949 [main] DEBUG org.springframework.beans.factory.support.DefaultListableBeanFactory - Autowiring by type from bean name 'servletExposeExcludePropertyEndpointFilter' via factory method to bean named 'management.endpoints.web-org.springframework.boot.actuate.autoconfigure.endpoint.web.WebEndpointProperties'
15:12:30.956 [main] DEBUG org.springframework.beans.factory.support.DefaultListableBeanFactory - Creating shared instance of singleton bean 'endpointMediaTypes'
15:12:30.958 [main] DEBUG org.springframework.beans.factory.support.DefaultListableBeanFactory - Creating shared instance of singleton bean 'webEndpointDiscoverer'
15:12:30.959 [main] DEBUG org.springframework.beans.factory.support.DefaultListableBeanFactory - Autowiring by type from bean name 'webEndpointDiscoverer' via factory method to bean named 'endpointOperationParameterMapper'
15:12:30.959 [main] DEBUG org.springframework.beans.factory.support.DefaultListableBeanFactory - Autowiring by type from bean name 'webEndpointDiscoverer' via factory method to bean named 'endpointMediaTypes'
15:12:30.961 [main] DEBUG org.springframework.beans.factory.support.DefaultListableBeanFactory - Creating shared instance of singleton bean 'webExposeExcludePropertyEndpointFilter'
15:12:30.964 [main] DEBUG org.springframework.beans.factory.support.DefaultListableBeanFactory - Creating shared instance of singleton bean 'controllerEndpointDiscoverer'
15:12:30.966 [main] DEBUG org.springframework.beans.factory.support.DefaultListableBeanFactory - Creating shared instance of singleton bean 'controllerExposeExcludePropertyEndpointFilter'
15:12:30.967 [main] DEBUG org.springframework.beans.factory.support.DefaultListableBeanFactory - Creating shared instance of singleton bean 'pathMappedEndpoints'
15:12:30.970 [main] DEBUG org.springframework.beans.factory.support.DefaultListableBeanFactory - Autowiring by type from bean name 'pathMappedEndpoints' via factory method to bean named 'servletEndpointDiscoverer'
15:12:30.970 [main] DEBUG org.springframework.beans.factory.support.DefaultListableBeanFactory - Autowiring by type from bean name 'pathMappedEndpoints' via factory method to bean named 'webEndpointDiscoverer'
15:12:30.970 [main] DEBUG org.springframework.beans.factory.support.DefaultListableBeanFactory - Autowiring by type from bean name 'pathMappedEndpoints' via factory method to bean named 'controllerEndpointDiscoverer'
15:12:30.980 [main] DEBUG org.springframework.beans.factory.support.DefaultListableBeanFactory - Creating shared instance of singleton bean 'org.springframework.boot.autoconfigure.web.servlet.ServletWebServerFactoryConfiguration$EmbeddedTomcat'
15:12:30.981 [main] DEBUG org.springframework.beans.factory.support.DefaultListableBeanFactory - Creating shared instance of singleton bean 'tomcatServletWebServerFactory'
15:12:31.032 [main] DEBUG org.springframework.beans.factory.support.DefaultListableBeanFactory - Creating shared instance of singleton bean 'servletWebServerFactoryCustomizer'
15:12:31.033 [main] DEBUG org.springframework.beans.factory.support.DefaultListableBeanFactory - Creating shared instance of singleton bean 'org.springframework.boot.autoconfigure.web.servlet.ServletWebServerFactoryAutoConfiguration'
15:12:31.034 [main] DEBUG org.springframework.beans.factory.support.DefaultListableBeanFactory - Creating shared instance of singleton bean 'server-org.springframework.boot.autoconfigure.web.ServerProperties'
15:12:31.047 [main] DEBUG org.springframework.beans.factory.support.DefaultListableBeanFactory - Autowiring by type from bean name 'servletWebServerFactoryCustomizer' via factory method to bean named 'server-org.springframework.boot.autoconfigure.web.ServerProperties'
15:12:31.048 [main] DEBUG org.springframework.beans.factory.support.DefaultListableBeanFactory - Creating shared instance of singleton bean 'tomcatServletWebServerFactoryCustomizer'
15:12:31.048 [main] DEBUG org.springframework.beans.factory.support.DefaultListableBeanFactory - Autowiring by type from bean name 'tomcatServletWebServerFactoryCustomizer' via factory method to bean named 'server-org.springframework.boot.autoconfigure.web.ServerProperties'
15:12:31.061 [main] DEBUG org.springframework.beans.factory.support.DefaultListableBeanFactory - Creating shared instance of singleton bean 'org.springframework.boot.autoconfigure.web.servlet.DispatcherServletAutoConfiguration$DispatcherServletConfiguration'
15:12:31.061 [main] DEBUG org.springframework.beans.factory.support.DefaultListableBeanFactory - Creating shared instance of singleton bean 'dispatcherServlet'
15:12:31.062 [main] DEBUG org.springframework.beans.factory.support.DefaultListableBeanFactory - Creating shared instance of singleton bean 'spring.mvc-org.springframework.boot.autoconfigure.web.servlet.WebMvcProperties'
15:12:31.069 [main] DEBUG org.springframework.beans.factory.support.DefaultListableBeanFactory - Autowiring by type from bean name 'dispatcherServlet' via factory method to bean named 'spring.mvc-org.springframework.boot.autoconfigure.web.servlet.WebMvcProperties'
15:12:31.079 [main] DEBUG org.springframework.beans.factory.support.DefaultListableBeanFactory - Creating shared instance of singleton bean 'org.springframework.boot.autoconfigure.web.servlet.DispatcherServletAutoConfiguration$DispatcherServletRegistrationConfiguration'
15:12:31.079 [main] DEBUG org.springframework.beans.factory.support.DefaultListableBeanFactory - Creating shared instance of singleton bean 'dispatcherServletRegistration'
15:12:31.081 [main] DEBUG org.springframework.beans.factory.support.DefaultListableBeanFactory - Autowiring by type from bean name 'dispatcherServletRegistration' via factory method to bean named 'dispatcherServlet'
15:12:31.081 [main] DEBUG org.springframework.beans.factory.support.DefaultListableBeanFactory - Autowiring by type from bean name 'dispatcherServletRegistration' via factory method to bean named 'spring.mvc-org.springframework.boot.autoconfigure.web.servlet.WebMvcProperties'
15:12:31.083 [main] DEBUG org.springframework.beans.factory.support.DefaultListableBeanFactory - Creating shared instance of singleton bean 'org.springframework.boot.autoconfigure.web.servlet.DispatcherServletAutoConfiguration'
15:12:31.084 [main] DEBUG org.springframework.beans.factory.support.DefaultListableBeanFactory - Creating shared instance of singleton bean 'org.springframework.boot.actuate.autoconfigure.endpoint.web.ServletEndpointManagementContextConfiguration$WebMvcServletEndpointManagementContextConfiguration'
15:12:31.084 [main] DEBUG org.springframework.beans.factory.support.DefaultListableBeanFactory - Creating shared instance of singleton bean 'servletEndpointRegistrar'
15:12:31.085 [main] DEBUG org.springframework.beans.factory.support.DefaultListableBeanFactory - Autowiring by type from bean name 'servletEndpointRegistrar' via factory method to bean named 'management.endpoints.web-org.springframework.boot.actuate.autoconfigure.endpoint.web.WebEndpointProperties'
15:12:31.085 [main] DEBUG org.springframework.beans.factory.support.DefaultListableBeanFactory - Autowiring by type from bean name 'servletEndpointRegistrar' via factory method to bean named 'servletEndpointDiscoverer'
15:12:31.085 [main] DEBUG org.springframework.beans.factory.support.DefaultListableBeanFactory - Autowiring by type from bean name 'servletEndpointRegistrar' via factory method to bean named 'dispatcherServletRegistration'
15:12:31.086 [main] DEBUG org.springframework.beans.factory.support.DefaultListableBeanFactory - Creating shared instance of singleton bean 'org.springframework.boot.actuate.autoconfigure.endpoint.web.servlet.WebMvcEndpointManagementContextConfiguration'
15:12:31.090 [main] DEBUG org.springframework.beans.factory.support.DefaultListableBeanFactory - Creating shared instance of singleton bean 'webEndpointServletHandlerMapping'
15:12:31.091 [main] DEBUG org.springframework.beans.factory.support.DefaultListableBeanFactory - Creating shared instance of singleton bean 'management.endpoints.web.cors-org.springframework.boot.actuate.autoconfigure.endpoint.web.CorsEndpointProperties'
15:12:31.097 [main] DEBUG org.springframework.beans.factory.support.DefaultListableBeanFactory - Autowiring by type from bean name 'webEndpointServletHandlerMapping' via factory method to bean named 'webEndpointDiscoverer'
15:12:31.097 [main] DEBUG org.springframework.beans.factory.support.DefaultListableBeanFactory - Autowiring by type from bean name 'webEndpointServletHandlerMapping' via factory method to bean named 'servletEndpointDiscoverer'
15:12:31.097 [main] DEBUG org.springframework.beans.factory.support.DefaultListableBeanFactory - Autowiring by type from bean name 'webEndpointServletHandlerMapping' via factory method to bean named 'controllerEndpointDiscoverer'
15:12:31.097 [main] DEBUG org.springframework.beans.factory.support.DefaultListableBeanFactory - Autowiring by type from bean name 'webEndpointServletHandlerMapping' via factory method to bean named 'endpointMediaTypes'
15:12:31.097 [main] DEBUG org.springframework.beans.factory.support.DefaultListableBeanFactory - Autowiring by type from bean name 'webEndpointServletHandlerMapping' via factory method to bean named 'management.endpoints.web.cors-org.springframework.boot.actuate.autoconfigure.endpoint.web.CorsEndpointProperties'
15:12:31.097 [main] DEBUG org.springframework.beans.factory.support.DefaultListableBeanFactory - Autowiring by type from bean name 'webEndpointServletHandlerMapping' via factory method to bean named 'management.endpoints.web-org.springframework.boot.actuate.autoconfigure.endpoint.web.WebEndpointProperties'
15:12:31.097 [main] DEBUG org.springframework.beans.factory.support.DefaultListableBeanFactory - Autowiring by type from bean name 'webEndpointServletHandlerMapping' via factory method to bean named 'environment'
15:12:31.100 [main] INFO org.springframework.boot.actuate.endpoint.web.EndpointLinksResolver - Exposing 0 endpoint(s) beneath base path '/actuator'
15:12:31.106 [main] DEBUG org.springframework.beans.factory.support.DefaultListableBeanFactory - Creating shared instance of singleton bean 'controllerEndpointHandlerMapping'
15:12:31.106 [main] DEBUG org.springframework.beans.factory.support.DefaultListableBeanFactory - Autowiring by type from bean name 'controllerEndpointHandlerMapping' via factory method to bean named 'controllerEndpointDiscoverer'
15:12:31.106 [main] DEBUG org.springframework.beans.factory.support.DefaultListableBeanFactory - Autowiring by type from bean name 'controllerEndpointHandlerMapping' via factory method to bean named 'management.endpoints.web.cors-org.springframework.boot.actuate.autoconfigure.endpoint.web.CorsEndpointProperties'
15:12:31.107 [main] DEBUG org.springframework.beans.factory.support.DefaultListableBeanFactory - Autowiring by type from bean name 'controllerEndpointHandlerMapping' via factory method to bean named 'management.endpoints.web-org.springframework.boot.actuate.autoconfigure.endpoint.web.WebEndpointProperties'
15:12:31.122 [main] DEBUG org.springframework.test.context.cache - Spring test ApplicationContext cache statistics: [DefaultContextCache@50cb64d5 size = 1, maxSize = 32, parentContextCount = 0, hitCount = 0, missCount = 1]
15:12:31.123 [main] DEBUG org.springframework.test.context.web.ServletTestExecutionListener - Setting up MockHttpServletRequest, MockHttpServletResponse, ServletWebRequest, and RequestContextHolder for test class br.com.omarcoteixeira.controller.HealthControllerTest
15:12:31.140 [main] DEBUG org.springframework.test.context.support.DependencyInjectionTestExecutionListener - Performing dependency injection for test class br.com.omarcoteixeira.controller.HealthControllerTest
15:12:31.140 [main] DEBUG org.springframework.test.context.cache - Spring test ApplicationContext cache statistics: [DefaultContextCache@50cb64d5 size = 1, maxSize = 32, parentContextCount = 0, hitCount = 1, missCount = 1]
15:12:31.145 [main] DEBUG org.springframework.test.context.cache - Spring test ApplicationContext cache statistics: [DefaultContextCache@50cb64d5 size = 1, maxSize = 32, parentContextCount = 0, hitCount = 2, missCount = 1]
15:12:31.145 [main] DEBUG org.springframework.test.context.cache - Spring test ApplicationContext cache statistics: [DefaultContextCache@50cb64d5 size = 1, maxSize = 32, parentContextCount = 0, hitCount = 3, missCount = 1]
15:12:31.159 [main] DEBUG org.springframework.test.context.support.AbstractDirtiesContextTestExecutionListener - Before test method: class [HealthControllerTest], method [$spock_feature_1_0], class annotated with @DirtiesContext [false] with mode [null], method annotated with @DirtiesContext [false] with mode [null]
15:12:31.165 [main] DEBUG org.springframework.test.context.cache - Spring test ApplicationContext cache statistics: [DefaultContextCache@50cb64d5 size = 1, maxSize = 32, parentContextCount = 0, hitCount = 4, missCount = 1]
15:12:31.165 [main] DEBUG org.springframework.test.context.cache - Spring test ApplicationContext cache statistics: [DefaultContextCache@50cb64d5 size = 1, maxSize = 32, parentContextCount = 0, hitCount = 5, missCount = 1]
15:12:31.699 [main] DEBUG org.springframework.test.context.cache - Spring test ApplicationContext cache statistics: [DefaultContextCache@50cb64d5 size = 1, maxSize = 32, parentContextCount = 0, hitCount = 6, missCount = 1]
15:12:31.718 [main] INFO org.springframework.mock.web.MockServletContext - Initializing Spring TestDispatcherServlet ''
15:12:31.718 [main] INFO org.springframework.test.web.servlet.TestDispatcherServlet - Initializing Servlet ''
15:12:31.719 [main] DEBUG org.springframework.test.web.servlet.TestDispatcherServlet - Detected AcceptHeaderLocaleResolver
15:12:31.719 [main] DEBUG org.springframework.test.web.servlet.TestDispatcherServlet - Detected FixedThemeResolver
15:12:31.720 [main] DEBUG org.springframework.test.web.servlet.TestDispatcherServlet - Detected org.springframework.web.servlet.view.DefaultRequestToViewNameTranslator@43f670f3
15:12:31.720 [main] DEBUG org.springframework.test.web.servlet.TestDispatcherServlet - Detected org.springframework.web.servlet.support.SessionFlashMapManager@6311640d
15:12:31.720 [main] DEBUG org.springframework.test.web.servlet.TestDispatcherServlet - enableLoggingRequestDetails='false': request parameters and headers will be masked to prevent unsafe logging of potentially sensitive data
15:12:31.722 [main] INFO org.springframework.test.web.servlet.TestDispatcherServlet - Completed initialization in 2 ms
15:12:31.769 [main] DEBUG org.springframework.test.web.servlet.TestDispatcherServlet - GET "/ping", parameters={}
15:12:31.784 [main] DEBUG org.springframework.web.servlet.mvc.method.annotation.RequestMappingHandlerMapping - Mapped to br.com.omarcoteixeira.controller.HealthController#ping()
15:12:31.820 [main] DEBUG org.springframework.web.servlet.mvc.method.annotation.RequestResponseBodyMethodProcessor - Using 'application/json', given [*/*] and supported [application/json, application/*+json]
15:12:31.821 [main] DEBUG org.springframework.web.servlet.mvc.method.annotation.RequestResponseBodyMethodProcessor - Writing [false]
15:12:31.834 [main] DEBUG org.springframework.test.web.servlet.TestDispatcherServlet - Completed 200 OK
15:12:31.917 [main] DEBUG org.springframework.test.context.cache - Spring test ApplicationContext cache statistics: [DefaultContextCache@50cb64d5 size = 1, maxSize = 32, parentContextCount = 0, hitCount = 7, missCount = 1]
15:12:31.917 [main] DEBUG org.springframework.test.context.cache - Spring test ApplicationContext cache statistics: [DefaultContextCache@50cb64d5 size = 1, maxSize = 32, parentContextCount = 0, hitCount = 8, missCount = 1]
15:12:31.919 [main] DEBUG org.springframework.test.context.cache - Spring test ApplicationContext cache statistics: [DefaultContextCache@50cb64d5 size = 1, maxSize = 32, parentContextCount = 0, hitCount = 9, missCount = 1]
15:12:31.920 [main] DEBUG org.springframework.test.context.cache - Spring test ApplicationContext cache statistics: [DefaultContextCache@50cb64d5 size = 1, maxSize = 32, parentContextCount = 0, hitCount = 10, missCount = 1]
15:12:31.922 [main] DEBUG org.springframework.test.context.cache - Spring test ApplicationContext cache statistics: [DefaultContextCache@50cb64d5 size = 1, maxSize = 32, parentContextCount = 0, hitCount = 11, missCount = 1]
15:12:31.922 [main] DEBUG org.springframework.test.context.support.AbstractDirtiesContextTestExecutionListener - After test method: class [HealthControllerTest], method [$spock_feature_1_0], class annotated with @DirtiesContext [false] with mode [null], method annotated with @DirtiesContext [false] with mode [null]
15:12:31.922 [main] DEBUG org.springframework.test.context.web.ServletTestExecutionListener - Resetting RequestContextHolder for test class br.com.omarcoteixeira.controller.HealthControllerTest
]]></system-out>
  </testcase>
</testsuite>